#
# There is insufficient memory for the Java Runtime Environment to continue.
# Native memory allocation (mmap) failed to map 65536 bytes. Error detail: Failed to commit metaspace.
# Possible reasons:
#   The system is out of physical RAM or swap space
#   This process is running with CompressedOops enabled, and the Java Heap may be blocking the growth of the native heap
# Possible solutions:
#   Reduce memory load on the system
#   Increase physical memory or swap space
#   Check if swap backing store is full
#   Decrease Java heap size (-Xmx/-Xms)
#   Decrease number of Java threads
#   Decrease Java thread stack sizes (-Xss)
#   Set larger code cache with -XX:ReservedCodeCacheSize=
#   JVM is running with Unscaled Compressed Oops mode in which the Java heap is
#     placed in the first 4GB address space. The Java Heap base address is the
#     maximum limit for the native heap growth. Please use -XX:HeapBaseMinAddress
#     to set the Java Heap base and to place the Java Heap above 4GB virtual address.
# This output file may be truncated or incomplete.
#
#  Out of Memory Error (virtualSpaceNode.cpp:112), pid=2804, tid=6220
#
# JRE version: OpenJDK Runtime Environment (22.0.1+8) (build 22.0.1+8-16)
# Java VM: OpenJDK 64-Bit Server VM (22.0.1+8-16, mixed mode, tiered, compressed oops, compressed class ptrs, g1 gc, windows-amd64)
# No core dump will be written. Minidumps are not enabled by default on client versions of Windows
#

---------------  S U M M A R Y ------------

Command Line: -ea -Didea.test.cyclic.buffer.size=1048576 -javaagent:C:\Program Files\JetBrains\IntelliJ IDEA 2023.3.6\lib\idea_rt.jar=55539:C:\Program Files\JetBrains\IntelliJ IDEA 2023.3.6\bin -Dfile.encoding=UTF-8 -Dsun.stdout.encoding=UTF-8 -Dsun.stderr.encoding=UTF-8 com.intellij.rt.junit.JUnitStarter -ideVersion5 -junit4 UserServiceTest

Host: Intel(R) Core(TM) i5-7200U CPU @ 2.50GHz, 4 cores, 7G,  Windows 10 , 64 bit Build 19041 (10.0.19041.5072)
Time: Sat Dec 14 19:21:48 2024 RTZ 4 (s 10 , 64 bit Build 19041 (10.0.19041.5072) elapsed time: 0.389515 seconds (0d 0h 0m 0s)

---------------  T H R E A D  ---------------

Current thread (0x00000286b04e5550):  JavaThread "main"             [_thread_in_vm, id=6220, stack(0x000000a7a1600000,0x000000a7a1700000) (1024K)]

Stack: [0x000000a7a1600000,0x000000a7a1700000]
Native frames: (J=compiled Java code, j=interpreted, Vv=VM code, C=native code)
V  [jvm.dll+0x6e2279]  (no source info available)
V  [jvm.dll+0x874e33]  (no source info available)
V  [jvm.dll+0x87725e]  (no source info available)
V  [jvm.dll+0x877933]  (no source info available)
V  [jvm.dll+0x27fd76]  (no source info available)
V  [jvm.dll+0x870a7e]  (no source info available)
V  [jvm.dll+0x6852e5]  (no source info available)
V  [jvm.dll+0x68534a]  (no source info available)
V  [jvm.dll+0x687b8a]  (no source info available)
V  [jvm.dll+0x2250ac]  (no source info available)
V  [jvm.dll+0x685cfe]  (no source info available)
V  [jvm.dll+0x3c376f]  (no source info available)
V  [jvm.dll+0x20d3cb]  (no source info available)
V  [jvm.dll+0x5c4659]  (no source info available)
V  [jvm.dll+0x21cc6a]  (no source info available)
V  [jvm.dll+0x7eb6dc]  (no source info available)
V  [jvm.dll+0x7ec776]  (no source info available)
V  [jvm.dll+0x7ecd84]  (no source info available)
V  [jvm.dll+0x7eca08]  (no source info available)
V  [jvm.dll+0x26d79b]  (no source info available)
V  [jvm.dll+0x3d9b4e]  (no source info available)
C  0x00000286bfd7a9e7  (no source info available)

The last pc belongs to new (printed below).
Java frames: (J=compiled Java code, j=interpreted, Vv=VM code)
j  java.util.Arrays.asList([Ljava/lang/Object;)Ljava/util/List;+0 java.base@22.0.1
j  com.intellij.rt.junit.JUnitStarter.main([Ljava/lang/String;)V+5
v  ~StubRoutines::call_stub 0x00000286bfd6100d
new  187 new  [0x00000286bfd7a860, 0x00000286bfd7aa58]  504 bytes
[MachCode]
  0x00000286bfd7a860: 4883 ec08 | c5fa 1104 | 24eb 1f48 | 83ec 10c5 | fb11 0424 | eb14 4883 | ec10 4889 | 0424 48c7 
  0x00000286bfd7a880: 4424 0800 | 0000 00eb | 0150 410f | b755 010f | cac1 ea10 | 488b 4de8 | 488b 4908 | 488b 4908 
  0x00000286bfd7a8a0: 488b 4108 | 807c 1004 | 070f 85c6 | 0000 0066 | 8b54 d148 | 488b 4928 | 488b 4cd1 | 0851 80b9 
  0x00000286bfd7a8c0: 2001 0000 | 050f 85a9 | 0000 008b | 5108 f6c2 | 010f 859d | 0000 0049 | 8b87 b801 | 0000 488d 
  0x00000286bfd7a8e0: 1c10 493b | 9fc8 0100 | 000f 8785 | 0000 0049 | 899f b801 | 0000 4883 | ea10 0f84 | 0f00 0000 
  0x00000286bfd7a900: 33c9 c1ea | 0348 894c | d008 48ff | ca75 f648 | c700 0100 | 0000 5933 | f689 700c | 8948 0849 
  0x00000286bfd7a920: ba9d 30ac | d7fb 7f00 | 0041 803a | 000f 843c | 0000 0050 | 488b c848 | 83ec 2040 | f6c4 0f0f 
  0x00000286bfd7a940: 8419 0000 | 0048 83ec | 0848 b880 | b55c d7fb | 7f00 00ff | d048 83c4 | 08e9 0c00 | 0000 48b8 
  0x00000286bfd7a960: 80b5 5cd7 | fb7f 0000 | ffd0 4883 | c420 58e9 | cb00 0000 | 5948 8b55 | e848 8b52 | 0848 8b52 
  0x00000286bfd7a980: 0845 0fb7 | 4501 410f | c841 c1e8 | 10e8 0500 | 0000 e9a8 | 0000 0048 | 8d44 2408 | 4c89 6dc0 
  0x00000286bfd7a9a0: 498b cfc5 | f877 4989 | afb0 0300 | 0049 8987 | a003 0000 | 4883 ec20 | 40f6 c40f | 0f84 1900 
  0x00000286bfd7a9c0: 0000 4883 | ec08 48b8 | 009b 25d7 | fb7f 0000 | ffd0 4883 | c408 e90c | 0000 0048 | b800 9b25 
  0x00000286bfd7a9e0: d7fb 7f00 | 00ff d048 | 83c4 2049 | c787 a003 | 0000 0000 | 0000 49c7 | 87b0 0300 | 0000 0000 
  0x00000286bfd7aa00: 0049 c787 | a803 0000 | 0000 0000 | c5f8 7749 | 837f 0800 | 0f84 0500 | 0000 e9e1 | 64fe ff49 
  0x00000286bfd7aa20: 8b87 f803 | 0000 49c7 | 87f8 0300 | 0000 0000 | 004c 8b6d | c04c 8b75 | c84e 8d74 | f500 c341 
  0x00000286bfd7aa40: 0fb6 5d03 | 4983 c503 | 49ba f0f9 | afd7 fb7f | 0000 41ff | 24da 6690 
[/MachCode]

---------------  P R O C E S S  ---------------

Threads class SMR info:
_java_thread_list=0x00000286cc8dc730, length=12, elements={
0x00000286b04e5550, 0x00000286cc521490, 0x00000286cc5604e0, 0x00000286cc556f80,
0x00000286cc5579e0, 0x00000286cc54dcb0, 0x00000286cc553c20, 0x00000286cc575ef0,
0x00000286cc5769a0, 0x00000286cc6c7360, 0x00000286d1021c70, 0x00000286d10222e0
}

Java Threads: ( => current thread )
=>0x00000286b04e5550 JavaThread "main"                              [_thread_in_vm, id=6220, stack(0x000000a7a1600000,0x000000a7a1700000) (1024K)]
  0x00000286cc521490 JavaThread "Reference Handler"          daemon [_thread_blocked, id=9496, stack(0x000000a7a1e00000,0x000000a7a1f00000) (1024K)]
  0x00000286cc5604e0 JavaThread "Finalizer"                  daemon [_thread_blocked, id=11300, stack(0x000000a7a1f00000,0x000000a7a2000000) (1024K)]
  0x00000286cc556f80 JavaThread "Signal Dispatcher"          daemon [_thread_blocked, id=9860, stack(0x000000a7a2000000,0x000000a7a2100000) (1024K)]
  0x00000286cc5579e0 JavaThread "Attach Listener"            daemon [_thread_blocked, id=8952, stack(0x000000a7a2100000,0x000000a7a2200000) (1024K)]
  0x00000286cc54dcb0 JavaThread "Service Thread"             daemon [_thread_blocked, id=13064, stack(0x000000a7a2200000,0x000000a7a2300000) (1024K)]
  0x00000286cc553c20 JavaThread "Monitor Deflation Thread"   daemon [_thread_blocked, id=8552, stack(0x000000a7a2300000,0x000000a7a2400000) (1024K)]
  0x00000286cc575ef0 JavaThread "C2 CompilerThread0"         daemon [_thread_blocked, id=8692, stack(0x000000a7a2400000,0x000000a7a2500000) (1024K)]
  0x00000286cc5769a0 JavaThread "C1 CompilerThread0"         daemon [_thread_blocked, id=3852, stack(0x000000a7a2500000,0x000000a7a2600000) (1024K)]
  0x00000286cc6c7360 JavaThread "Common-Cleaner"             daemon [_thread_blocked, id=9580, stack(0x000000a7a2600000,0x000000a7a2700000) (1024K)]
  0x00000286d1021c70 JavaThread "Monitor Ctrl-Break"         daemon [_thread_in_vm, id=1392, stack(0x000000a7a2700000,0x000000a7a2800000) (1024K)]
  0x00000286d10222e0 JavaThread "Notification Thread"        daemon [_thread_blocked, id=10944, stack(0x000000a7a2800000,0x000000a7a2900000) (1024K)]
Total: 12

Other Threads:
  0x00000286cc4e02c0 VMThread "VM Thread"                           [id=3896, stack(0x000000a7a1d00000,0x000000a7a1e00000) (1024K)]
  0x00000286cc45c370 WatcherThread "VM Periodic Task Thread"        [id=9552, stack(0x000000a7a1c00000,0x000000a7a1d00000) (1024K)]
  0x00000286b053ad10 WorkerThread "GC Thread#0"                     [id=11352, stack(0x000000a7a1700000,0x000000a7a1800000) (1024K)]
  0x00000286b054ca10 ConcurrentGCThread "G1 Main Marker"            [id=8804, stack(0x000000a7a1800000,0x000000a7a1900000) (1024K)]
  0x00000286b054e3e0 WorkerThread "G1 Conc#0"                       [id=1480, stack(0x000000a7a1900000,0x000000a7a1a00000) (1024K)]
  0x00000286cc31f140 ConcurrentGCThread "G1 Refine#0"               [id=11884, stack(0x000000a7a1a00000,0x000000a7a1b00000) (1024K)]
  0x00000286cc31f970 ConcurrentGCThread "G1 Service"                [id=10748, stack(0x000000a7a1b00000,0x000000a7a1c00000) (1024K)]
Total: 7

Threads with active compile tasks:
Total: 0

VM state: not at safepoint (normal execution)

VM Mutex/Monitor currently owned by a thread:  ([mutex/lock_event])
[0x00007ffbd7ae9b38] Metaspace_lock - owner thread: 0x00000286b04e5550

Heap address: 0x0000000081e00000, size: 2018 MB, Compressed Oops mode: 32-bit

CDS archive(s) not mapped
Compressed class space mapped at: 0x000000001b000000-0x000000005b000000, reserved size: 1073741824
Narrow klass base: 0x0000000000000000, Narrow klass shift: 0, Narrow klass range: 0x5b000000

GC Precious Log:
 CardTable entry size: 512
 Card Set container configuration: InlinePtr #cards 5 size 8 Array Of Cards #cards 12 size 40 Howl #buckets 4 coarsen threshold 1843 Howl Bitmap #cards 512 size 80 coarsen threshold 460 Card regions per heap region 1 cards per card region 2048
 CPUs: 4 total, 4 available
 Memory: 8067M
 Large Page Support: Disabled
 NUMA Support: Disabled
 Compressed Oops: Enabled (32-bit)
 Heap Region Size: 1M
 Heap Min Capacity: 8M
 Heap Initial Capacity: 128M
 Heap Max Capacity: 2018M
 Pre-touch: Disabled
 Parallel Workers: 4
 Concurrent Workers: 1
 Concurrent Refinement Workers: 4
 Periodic GC: Disabled

Heap:
 garbage-first heap   total reserved 2066432K, committed 131072K, used 2048K [0x0000000081e00000, 0x0000000100000000)
  region size 1024K, 3 young (3072K), 0 survivors (0K)
 Metaspace       used 6919K, committed 7104K, reserved 1114112K
  class space    used 578K, committed 640K, reserved 1048576K

Heap Regions: E=young(eden), S=young(survivor), O=old, HS=humongous(starts), HC=humongous(continues), CS=collection set, F=free, TAMS=top-at-mark-start, PB=parsable bottom
|   0|0x0000000081e00000, 0x0000000081e00000, 0x0000000081f00000|  0%| F|  |TAMS 0x0000000081e00000| PB 0x0000000081e00000| Untracked |  0
|   1|0x0000000081f00000, 0x0000000081f00000, 0x0000000082000000|  0%| F|  |TAMS 0x0000000081f00000| PB 0x0000000081f00000| Untracked |  0
|   2|0x0000000082000000, 0x0000000082000000, 0x0000000082100000|  0%| F|  |TAMS 0x0000000082000000| PB 0x0000000082000000| Untracked |  0
|   3|0x0000000082100000, 0x0000000082100000, 0x0000000082200000|  0%| F|  |TAMS 0x0000000082100000| PB 0x0000000082100000| Untracked |  0
|   4|0x0000000082200000, 0x0000000082200000, 0x0000000082300000|  0%| F|  |TAMS 0x0000000082200000| PB 0x0000000082200000| Untracked |  0
|   5|0x0000000082300000, 0x0000000082300000, 0x0000000082400000|  0%| F|  |TAMS 0x0000000082300000| PB 0x0000000082300000| Untracked |  0
|   6|0x0000000082400000, 0x0000000082400000, 0x0000000082500000|  0%| F|  |TAMS 0x0000000082400000| PB 0x0000000082400000| Untracked |  0
|   7|0x0000000082500000, 0x0000000082500000, 0x0000000082600000|  0%| F|  |TAMS 0x0000000082500000| PB 0x0000000082500000| Untracked |  0
|   8|0x0000000082600000, 0x0000000082600000, 0x0000000082700000|  0%| F|  |TAMS 0x0000000082600000| PB 0x0000000082600000| Untracked |  0
|   9|0x0000000082700000, 0x0000000082700000, 0x0000000082800000|  0%| F|  |TAMS 0x0000000082700000| PB 0x0000000082700000| Untracked |  0
|  10|0x0000000082800000, 0x0000000082800000, 0x0000000082900000|  0%| F|  |TAMS 0x0000000082800000| PB 0x0000000082800000| Untracked |  0
|  11|0x0000000082900000, 0x0000000082900000, 0x0000000082a00000|  0%| F|  |TAMS 0x0000000082900000| PB 0x0000000082900000| Untracked |  0
|  12|0x0000000082a00000, 0x0000000082a00000, 0x0000000082b00000|  0%| F|  |TAMS 0x0000000082a00000| PB 0x0000000082a00000| Untracked |  0
|  13|0x0000000082b00000, 0x0000000082b00000, 0x0000000082c00000|  0%| F|  |TAMS 0x0000000082b00000| PB 0x0000000082b00000| Untracked |  0
|  14|0x0000000082c00000, 0x0000000082c00000, 0x0000000082d00000|  0%| F|  |TAMS 0x0000000082c00000| PB 0x0000000082c00000| Untracked |  0
|  15|0x0000000082d00000, 0x0000000082d00000, 0x0000000082e00000|  0%| F|  |TAMS 0x0000000082d00000| PB 0x0000000082d00000| Untracked |  0
|  16|0x0000000082e00000, 0x0000000082e00000, 0x0000000082f00000|  0%| F|  |TAMS 0x0000000082e00000| PB 0x0000000082e00000| Untracked |  0
|  17|0x0000000082f00000, 0x0000000082f00000, 0x0000000083000000|  0%| F|  |TAMS 0x0000000082f00000| PB 0x0000000082f00000| Untracked |  0
|  18|0x0000000083000000, 0x0000000083000000, 0x0000000083100000|  0%| F|  |TAMS 0x0000000083000000| PB 0x0000000083000000| Untracked |  0
|  19|0x0000000083100000, 0x0000000083100000, 0x0000000083200000|  0%| F|  |TAMS 0x0000000083100000| PB 0x0000000083100000| Untracked |  0
|  20|0x0000000083200000, 0x0000000083200000, 0x0000000083300000|  0%| F|  |TAMS 0x0000000083200000| PB 0x0000000083200000| Untracked |  0
|  21|0x0000000083300000, 0x0000000083300000, 0x0000000083400000|  0%| F|  |TAMS 0x0000000083300000| PB 0x0000000083300000| Untracked |  0
|  22|0x0000000083400000, 0x0000000083400000, 0x0000000083500000|  0%| F|  |TAMS 0x0000000083400000| PB 0x0000000083400000| Untracked |  0
|  23|0x0000000083500000, 0x0000000083500000, 0x0000000083600000|  0%| F|  |TAMS 0x0000000083500000| PB 0x0000000083500000| Untracked |  0
|  24|0x0000000083600000, 0x0000000083600000, 0x0000000083700000|  0%| F|  |TAMS 0x0000000083600000| PB 0x0000000083600000| Untracked |  0
|  25|0x0000000083700000, 0x0000000083700000, 0x0000000083800000|  0%| F|  |TAMS 0x0000000083700000| PB 0x0000000083700000| Untracked |  0
|  26|0x0000000083800000, 0x0000000083800000, 0x0000000083900000|  0%| F|  |TAMS 0x0000000083800000| PB 0x0000000083800000| Untracked |  0
|  27|0x0000000083900000, 0x0000000083900000, 0x0000000083a00000|  0%| F|  |TAMS 0x0000000083900000| PB 0x0000000083900000| Untracked |  0
|  28|0x0000000083a00000, 0x0000000083a00000, 0x0000000083b00000|  0%| F|  |TAMS 0x0000000083a00000| PB 0x0000000083a00000| Untracked |  0
|  29|0x0000000083b00000, 0x0000000083b00000, 0x0000000083c00000|  0%| F|  |TAMS 0x0000000083b00000| PB 0x0000000083b00000| Untracked |  0
|  30|0x0000000083c00000, 0x0000000083c00000, 0x0000000083d00000|  0%| F|  |TAMS 0x0000000083c00000| PB 0x0000000083c00000| Untracked |  0
|  31|0x0000000083d00000, 0x0000000083d00000, 0x0000000083e00000|  0%| F|  |TAMS 0x0000000083d00000| PB 0x0000000083d00000| Untracked |  0
|  32|0x0000000083e00000, 0x0000000083e00000, 0x0000000083f00000|  0%| F|  |TAMS 0x0000000083e00000| PB 0x0000000083e00000| Untracked |  0
|  33|0x0000000083f00000, 0x0000000083f00000, 0x0000000084000000|  0%| F|  |TAMS 0x0000000083f00000| PB 0x0000000083f00000| Untracked |  0
|  34|0x0000000084000000, 0x0000000084000000, 0x0000000084100000|  0%| F|  |TAMS 0x0000000084000000| PB 0x0000000084000000| Untracked |  0
|  35|0x0000000084100000, 0x0000000084100000, 0x0000000084200000|  0%| F|  |TAMS 0x0000000084100000| PB 0x0000000084100000| Untracked |  0
|  36|0x0000000084200000, 0x0000000084200000, 0x0000000084300000|  0%| F|  |TAMS 0x0000000084200000| PB 0x0000000084200000| Untracked |  0
|  37|0x0000000084300000, 0x0000000084300000, 0x0000000084400000|  0%| F|  |TAMS 0x0000000084300000| PB 0x0000000084300000| Untracked |  0
|  38|0x0000000084400000, 0x0000000084400000, 0x0000000084500000|  0%| F|  |TAMS 0x0000000084400000| PB 0x0000000084400000| Untracked |  0
|  39|0x0000000084500000, 0x0000000084500000, 0x0000000084600000|  0%| F|  |TAMS 0x0000000084500000| PB 0x0000000084500000| Untracked |  0
|  40|0x0000000084600000, 0x0000000084600000, 0x0000000084700000|  0%| F|  |TAMS 0x0000000084600000| PB 0x0000000084600000| Untracked |  0
|  41|0x0000000084700000, 0x0000000084700000, 0x0000000084800000|  0%| F|  |TAMS 0x0000000084700000| PB 0x0000000084700000| Untracked |  0
|  42|0x0000000084800000, 0x0000000084800000, 0x0000000084900000|  0%| F|  |TAMS 0x0000000084800000| PB 0x0000000084800000| Untracked |  0
|  43|0x0000000084900000, 0x0000000084900000, 0x0000000084a00000|  0%| F|  |TAMS 0x0000000084900000| PB 0x0000000084900000| Untracked |  0
|  44|0x0000000084a00000, 0x0000000084a00000, 0x0000000084b00000|  0%| F|  |TAMS 0x0000000084a00000| PB 0x0000000084a00000| Untracked |  0
|  45|0x0000000084b00000, 0x0000000084b00000, 0x0000000084c00000|  0%| F|  |TAMS 0x0000000084b00000| PB 0x0000000084b00000| Untracked |  0
|  46|0x0000000084c00000, 0x0000000084c00000, 0x0000000084d00000|  0%| F|  |TAMS 0x0000000084c00000| PB 0x0000000084c00000| Untracked |  0
|  47|0x0000000084d00000, 0x0000000084d00000, 0x0000000084e00000|  0%| F|  |TAMS 0x0000000084d00000| PB 0x0000000084d00000| Untracked |  0
|  48|0x0000000084e00000, 0x0000000084e00000, 0x0000000084f00000|  0%| F|  |TAMS 0x0000000084e00000| PB 0x0000000084e00000| Untracked |  0
|  49|0x0000000084f00000, 0x0000000084f00000, 0x0000000085000000|  0%| F|  |TAMS 0x0000000084f00000| PB 0x0000000084f00000| Untracked |  0
|  50|0x0000000085000000, 0x0000000085000000, 0x0000000085100000|  0%| F|  |TAMS 0x0000000085000000| PB 0x0000000085000000| Untracked |  0
|  51|0x0000000085100000, 0x0000000085100000, 0x0000000085200000|  0%| F|  |TAMS 0x0000000085100000| PB 0x0000000085100000| Untracked |  0
|  52|0x0000000085200000, 0x0000000085200000, 0x0000000085300000|  0%| F|  |TAMS 0x0000000085200000| PB 0x0000000085200000| Untracked |  0
|  53|0x0000000085300000, 0x0000000085300000, 0x0000000085400000|  0%| F|  |TAMS 0x0000000085300000| PB 0x0000000085300000| Untracked |  0
|  54|0x0000000085400000, 0x0000000085400000, 0x0000000085500000|  0%| F|  |TAMS 0x0000000085400000| PB 0x0000000085400000| Untracked |  0
|  55|0x0000000085500000, 0x0000000085500000, 0x0000000085600000|  0%| F|  |TAMS 0x0000000085500000| PB 0x0000000085500000| Untracked |  0
|  56|0x0000000085600000, 0x0000000085600000, 0x0000000085700000|  0%| F|  |TAMS 0x0000000085600000| PB 0x0000000085600000| Untracked |  0
|  57|0x0000000085700000, 0x0000000085700000, 0x0000000085800000|  0%| F|  |TAMS 0x0000000085700000| PB 0x0000000085700000| Untracked |  0
|  58|0x0000000085800000, 0x0000000085800000, 0x0000000085900000|  0%| F|  |TAMS 0x0000000085800000| PB 0x0000000085800000| Untracked |  0
|  59|0x0000000085900000, 0x0000000085900000, 0x0000000085a00000|  0%| F|  |TAMS 0x0000000085900000| PB 0x0000000085900000| Untracked |  0
|  60|0x0000000085a00000, 0x0000000085a00000, 0x0000000085b00000|  0%| F|  |TAMS 0x0000000085a00000| PB 0x0000000085a00000| Untracked |  0
|  61|0x0000000085b00000, 0x0000000085b00000, 0x0000000085c00000|  0%| F|  |TAMS 0x0000000085b00000| PB 0x0000000085b00000| Untracked |  0
|  62|0x0000000085c00000, 0x0000000085c00000, 0x0000000085d00000|  0%| F|  |TAMS 0x0000000085c00000| PB 0x0000000085c00000| Untracked |  0
|  63|0x0000000085d00000, 0x0000000085d00000, 0x0000000085e00000|  0%| F|  |TAMS 0x0000000085d00000| PB 0x0000000085d00000| Untracked |  0
|  64|0x0000000085e00000, 0x0000000085e00000, 0x0000000085f00000|  0%| F|  |TAMS 0x0000000085e00000| PB 0x0000000085e00000| Untracked |  0
|  65|0x0000000085f00000, 0x0000000085f00000, 0x0000000086000000|  0%| F|  |TAMS 0x0000000085f00000| PB 0x0000000085f00000| Untracked |  0
|  66|0x0000000086000000, 0x0000000086000000, 0x0000000086100000|  0%| F|  |TAMS 0x0000000086000000| PB 0x0000000086000000| Untracked |  0
|  67|0x0000000086100000, 0x0000000086100000, 0x0000000086200000|  0%| F|  |TAMS 0x0000000086100000| PB 0x0000000086100000| Untracked |  0
|  68|0x0000000086200000, 0x0000000086200000, 0x0000000086300000|  0%| F|  |TAMS 0x0000000086200000| PB 0x0000000086200000| Untracked |  0
|  69|0x0000000086300000, 0x0000000086300000, 0x0000000086400000|  0%| F|  |TAMS 0x0000000086300000| PB 0x0000000086300000| Untracked |  0
|  70|0x0000000086400000, 0x0000000086400000, 0x0000000086500000|  0%| F|  |TAMS 0x0000000086400000| PB 0x0000000086400000| Untracked |  0
|  71|0x0000000086500000, 0x0000000086500000, 0x0000000086600000|  0%| F|  |TAMS 0x0000000086500000| PB 0x0000000086500000| Untracked |  0
|  72|0x0000000086600000, 0x0000000086600000, 0x0000000086700000|  0%| F|  |TAMS 0x0000000086600000| PB 0x0000000086600000| Untracked |  0
|  73|0x0000000086700000, 0x0000000086700000, 0x0000000086800000|  0%| F|  |TAMS 0x0000000086700000| PB 0x0000000086700000| Untracked |  0
|  74|0x0000000086800000, 0x0000000086800000, 0x0000000086900000|  0%| F|  |TAMS 0x0000000086800000| PB 0x0000000086800000| Untracked |  0
|  75|0x0000000086900000, 0x0000000086900000, 0x0000000086a00000|  0%| F|  |TAMS 0x0000000086900000| PB 0x0000000086900000| Untracked |  0
|  76|0x0000000086a00000, 0x0000000086a00000, 0x0000000086b00000|  0%| F|  |TAMS 0x0000000086a00000| PB 0x0000000086a00000| Untracked |  0
|  77|0x0000000086b00000, 0x0000000086b00000, 0x0000000086c00000|  0%| F|  |TAMS 0x0000000086b00000| PB 0x0000000086b00000| Untracked |  0
|  78|0x0000000086c00000, 0x0000000086c00000, 0x0000000086d00000|  0%| F|  |TAMS 0x0000000086c00000| PB 0x0000000086c00000| Untracked |  0
|  79|0x0000000086d00000, 0x0000000086d00000, 0x0000000086e00000|  0%| F|  |TAMS 0x0000000086d00000| PB 0x0000000086d00000| Untracked |  0
|  80|0x0000000086e00000, 0x0000000086e00000, 0x0000000086f00000|  0%| F|  |TAMS 0x0000000086e00000| PB 0x0000000086e00000| Untracked |  0
|  81|0x0000000086f00000, 0x0000000086f00000, 0x0000000087000000|  0%| F|  |TAMS 0x0000000086f00000| PB 0x0000000086f00000| Untracked |  0
|  82|0x0000000087000000, 0x0000000087000000, 0x0000000087100000|  0%| F|  |TAMS 0x0000000087000000| PB 0x0000000087000000| Untracked |  0
|  83|0x0000000087100000, 0x0000000087100000, 0x0000000087200000|  0%| F|  |TAMS 0x0000000087100000| PB 0x0000000087100000| Untracked |  0
|  84|0x0000000087200000, 0x0000000087200000, 0x0000000087300000|  0%| F|  |TAMS 0x0000000087200000| PB 0x0000000087200000| Untracked |  0
|  85|0x0000000087300000, 0x0000000087300000, 0x0000000087400000|  0%| F|  |TAMS 0x0000000087300000| PB 0x0000000087300000| Untracked |  0
|  86|0x0000000087400000, 0x0000000087400000, 0x0000000087500000|  0%| F|  |TAMS 0x0000000087400000| PB 0x0000000087400000| Untracked |  0
|  87|0x0000000087500000, 0x0000000087500000, 0x0000000087600000|  0%| F|  |TAMS 0x0000000087500000| PB 0x0000000087500000| Untracked |  0
|  88|0x0000000087600000, 0x0000000087600000, 0x0000000087700000|  0%| F|  |TAMS 0x0000000087600000| PB 0x0000000087600000| Untracked |  0
|  89|0x0000000087700000, 0x0000000087700000, 0x0000000087800000|  0%| F|  |TAMS 0x0000000087700000| PB 0x0000000087700000| Untracked |  0
|  90|0x0000000087800000, 0x0000000087800000, 0x0000000087900000|  0%| F|  |TAMS 0x0000000087800000| PB 0x0000000087800000| Untracked |  0
|  91|0x0000000087900000, 0x0000000087900000, 0x0000000087a00000|  0%| F|  |TAMS 0x0000000087900000| PB 0x0000000087900000| Untracked |  0
|  92|0x0000000087a00000, 0x0000000087a00000, 0x0000000087b00000|  0%| F|  |TAMS 0x0000000087a00000| PB 0x0000000087a00000| Untracked |  0
|  93|0x0000000087b00000, 0x0000000087b00000, 0x0000000087c00000|  0%| F|  |TAMS 0x0000000087b00000| PB 0x0000000087b00000| Untracked |  0
|  94|0x0000000087c00000, 0x0000000087c00000, 0x0000000087d00000|  0%| F|  |TAMS 0x0000000087c00000| PB 0x0000000087c00000| Untracked |  0
|  95|0x0000000087d00000, 0x0000000087d00000, 0x0000000087e00000|  0%| F|  |TAMS 0x0000000087d00000| PB 0x0000000087d00000| Untracked |  0
|  96|0x0000000087e00000, 0x0000000087e00000, 0x0000000087f00000|  0%| F|  |TAMS 0x0000000087e00000| PB 0x0000000087e00000| Untracked |  0
|  97|0x0000000087f00000, 0x0000000087f00000, 0x0000000088000000|  0%| F|  |TAMS 0x0000000087f00000| PB 0x0000000087f00000| Untracked |  0
|  98|0x0000000088000000, 0x0000000088000000, 0x0000000088100000|  0%| F|  |TAMS 0x0000000088000000| PB 0x0000000088000000| Untracked |  0
|  99|0x0000000088100000, 0x0000000088100000, 0x0000000088200000|  0%| F|  |TAMS 0x0000000088100000| PB 0x0000000088100000| Untracked |  0
| 100|0x0000000088200000, 0x0000000088200000, 0x0000000088300000|  0%| F|  |TAMS 0x0000000088200000| PB 0x0000000088200000| Untracked |  0
| 101|0x0000000088300000, 0x0000000088300000, 0x0000000088400000|  0%| F|  |TAMS 0x0000000088300000| PB 0x0000000088300000| Untracked |  0
| 102|0x0000000088400000, 0x0000000088400000, 0x0000000088500000|  0%| F|  |TAMS 0x0000000088400000| PB 0x0000000088400000| Untracked |  0
| 103|0x0000000088500000, 0x0000000088500000, 0x0000000088600000|  0%| F|  |TAMS 0x0000000088500000| PB 0x0000000088500000| Untracked |  0
| 104|0x0000000088600000, 0x0000000088600000, 0x0000000088700000|  0%| F|  |TAMS 0x0000000088600000| PB 0x0000000088600000| Untracked |  0
| 105|0x0000000088700000, 0x0000000088700000, 0x0000000088800000|  0%| F|  |TAMS 0x0000000088700000| PB 0x0000000088700000| Untracked |  0
| 106|0x0000000088800000, 0x0000000088800000, 0x0000000088900000|  0%| F|  |TAMS 0x0000000088800000| PB 0x0000000088800000| Untracked |  0
| 107|0x0000000088900000, 0x0000000088900000, 0x0000000088a00000|  0%| F|  |TAMS 0x0000000088900000| PB 0x0000000088900000| Untracked |  0
| 108|0x0000000088a00000, 0x0000000088a00000, 0x0000000088b00000|  0%| F|  |TAMS 0x0000000088a00000| PB 0x0000000088a00000| Untracked |  0
| 109|0x0000000088b00000, 0x0000000088b00000, 0x0000000088c00000|  0%| F|  |TAMS 0x0000000088b00000| PB 0x0000000088b00000| Untracked |  0
| 110|0x0000000088c00000, 0x0000000088c00000, 0x0000000088d00000|  0%| F|  |TAMS 0x0000000088c00000| PB 0x0000000088c00000| Untracked |  0
| 111|0x0000000088d00000, 0x0000000088d00000, 0x0000000088e00000|  0%| F|  |TAMS 0x0000000088d00000| PB 0x0000000088d00000| Untracked |  0
| 112|0x0000000088e00000, 0x0000000088e00000, 0x0000000088f00000|  0%| F|  |TAMS 0x0000000088e00000| PB 0x0000000088e00000| Untracked |  0
| 113|0x0000000088f00000, 0x0000000088f00000, 0x0000000089000000|  0%| F|  |TAMS 0x0000000088f00000| PB 0x0000000088f00000| Untracked |  0
| 114|0x0000000089000000, 0x0000000089000000, 0x0000000089100000|  0%| F|  |TAMS 0x0000000089000000| PB 0x0000000089000000| Untracked |  0
| 115|0x0000000089100000, 0x0000000089100000, 0x0000000089200000|  0%| F|  |TAMS 0x0000000089100000| PB 0x0000000089100000| Untracked |  0
| 116|0x0000000089200000, 0x0000000089200000, 0x0000000089300000|  0%| F|  |TAMS 0x0000000089200000| PB 0x0000000089200000| Untracked |  0
| 117|0x0000000089300000, 0x0000000089300000, 0x0000000089400000|  0%| F|  |TAMS 0x0000000089300000| PB 0x0000000089300000| Untracked |  0
| 118|0x0000000089400000, 0x0000000089400000, 0x0000000089500000|  0%| F|  |TAMS 0x0000000089400000| PB 0x0000000089400000| Untracked |  0
| 119|0x0000000089500000, 0x0000000089500000, 0x0000000089600000|  0%| F|  |TAMS 0x0000000089500000| PB 0x0000000089500000| Untracked |  0
| 120|0x0000000089600000, 0x0000000089600000, 0x0000000089700000|  0%| F|  |TAMS 0x0000000089600000| PB 0x0000000089600000| Untracked |  0
| 121|0x0000000089700000, 0x0000000089700000, 0x0000000089800000|  0%| F|  |TAMS 0x0000000089700000| PB 0x0000000089700000| Untracked |  0
| 122|0x0000000089800000, 0x0000000089800000, 0x0000000089900000|  0%| F|  |TAMS 0x0000000089800000| PB 0x0000000089800000| Untracked |  0
| 123|0x0000000089900000, 0x0000000089900000, 0x0000000089a00000|  0%| F|  |TAMS 0x0000000089900000| PB 0x0000000089900000| Untracked |  0
| 124|0x0000000089a00000, 0x0000000089a00000, 0x0000000089b00000|  0%| F|  |TAMS 0x0000000089a00000| PB 0x0000000089a00000| Untracked |  0
| 125|0x0000000089b00000, 0x0000000089bd88b0, 0x0000000089c00000| 84%| E|  |TAMS 0x0000000089b00000| PB 0x0000000089b00000| Complete |  0
| 126|0x0000000089c00000, 0x0000000089d00000, 0x0000000089d00000|100%| E|CS|TAMS 0x0000000089c00000| PB 0x0000000089c00000| Complete |  0
| 127|0x0000000089d00000, 0x0000000089e00000, 0x0000000089e00000|100%| E|CS|TAMS 0x0000000089d00000| PB 0x0000000089d00000| Complete |  0

Card table byte_map: [0x00000286c7c30000,0x00000286c8030000] _byte_map_base: 0x00000286c7821000

Marking Bits: (CMBitMap*) 0x00000286b053c340
 Bits: [0x00000286c8030000, 0x00000286c9fb8000)

Polling page: 0x00000286afcb0000

Metaspace:

Usage:
  Non-class:      6.19 MB used.
      Class:    578.98 KB used.
       Both:      6.76 MB used.

Virtual space:
  Non-class space:       64.00 MB reserved,       6.31 MB ( 10%) committed,  1 nodes.
      Class space:        1.00 GB reserved,     640.00 KB ( <1%) committed,  1 nodes.
             Both:        1.06 GB reserved,       6.94 MB ( <1%) committed. 

Chunk freelists:
   Non-Class:  8.98 MB
       Class:  15.24 MB
        Both:  24.22 MB

MaxMetaspaceSize: unlimited
CompressedClassSpaceSize: 1.00 GB
Initial GC threshold: 21.00 MB
Current GC threshold: 21.00 MB
CDS: off
 - commit_granule_bytes: 65536.
 - commit_granule_words: 8192.
 - virtual_space_node_default_size: 8388608.
 - enlarge_chunks_in_place: 1.
 - use_allocation_guard: 0.


Internal statistics:

num_allocs_failed_limit: 0.
num_arena_births: 22.
num_arena_deaths: 0.
num_vsnodes_births: 2.
num_vsnodes_deaths: 0.
num_space_committed: 111.
num_space_uncommitted: 0.
num_chunks_returned_to_freelist: 0.
num_chunks_taken_from_freelist: 42.
num_chunk_merges: 0.
num_chunk_splits: 22.
num_chunks_enlarged: 11.
num_inconsistent_stats: 0.

CodeHeap 'non-profiled nmethods': size=120000Kb used=79Kb max_used=79Kb free=119920Kb
 bounds [0x00000286c0300000, 0x00000286c0570000, 0x00000286c7830000]
CodeHeap 'profiled nmethods': size=120000Kb used=251Kb max_used=251Kb free=119748Kb
 bounds [0x00000286b8830000, 0x00000286b8aa0000, 0x00000286bfd60000]
CodeHeap 'non-nmethods': size=5760Kb used=1290Kb max_used=1290Kb free=4470Kb
 bounds [0x00000286bfd60000, 0x00000286bffd0000, 0x00000286c0300000]
 total_blobs=646 nmethods=241 adapters=310
 compilation: enabled
              stopped_count=0, restarted_count=0
 full_count=0

Compilation events (20 events):
Event: 0.378 Thread 0x00000286cc575ef0  232       4       java.lang.String::charAt (25 bytes)
Event: 0.380 Thread 0x00000286cc575ef0 nmethod 232 0x00000286c0313110 code [0x00000286c03132a0, 0x00000286c03133b8]
Event: 0.384 Thread 0x00000286cc5769a0  233       3       java.lang.System::getSecurityManager (12 bytes)
Event: 0.384 Thread 0x00000286cc5769a0 nmethod 233 0x00000286b886d390 code [0x00000286b886d520, 0x00000286b886d690]
Event: 0.384 Thread 0x00000286cc5769a0  234       3       java.lang.System::allowSecurityManager (13 bytes)
Event: 0.384 Thread 0x00000286cc5769a0 nmethod 234 0x00000286b886d710 code [0x00000286b886d8a0, 0x00000286b886d9a0]
Event: 0.384 Thread 0x00000286cc5769a0  235       1       java.io.File::getPath (5 bytes)
Event: 0.384 Thread 0x00000286cc5769a0 nmethod 235 0x00000286c0313510 code [0x00000286c03136a0, 0x00000286c0313768]
Event: 0.384 Thread 0x00000286cc5769a0  236       3       java.io.WinNTFileSystem::isSlash (18 bytes)
Event: 0.384 Thread 0x00000286cc575ef0  237       4       java.lang.String::coder (15 bytes)
Event: 0.384 Thread 0x00000286cc5769a0 nmethod 236 0x00000286b886da10 code [0x00000286b886dba0, 0x00000286b886dd30]
Event: 0.385 Thread 0x00000286cc575ef0 nmethod 237 0x00000286c0313810 code [0x00000286c0313980, 0x00000286c0313a00]
Event: 0.385 Thread 0x00000286cc5769a0  238       3       sun.nio.fs.WindowsPathParser::isSlash (18 bytes)
Event: 0.385 Thread 0x00000286cc5769a0 nmethod 238 0x00000286b886dd90 code [0x00000286b886df20, 0x00000286b886e090]
Event: 0.385 Thread 0x00000286cc5769a0  239       3       java.lang.CharacterDataLatin1::toLowerCase (44 bytes)
Event: 0.385 Thread 0x00000286cc5769a0 nmethod 239 0x00000286b886e110 code [0x00000286b886e2c0, 0x00000286b886e528]
Event: 0.385 Thread 0x00000286cc5769a0  240       1       java.util.zip.ZipCoder$UTF8ZipCoder::isUTF8 (2 bytes)
Event: 0.386 Thread 0x00000286cc5769a0 nmethod 240 0x00000286c0313b10 code [0x00000286c0313ca0, 0x00000286c0313d68]
Event: 0.387 Thread 0x00000286cc5769a0  241       3       java.lang.StringLatin1::lastIndexOf (40 bytes)
Event: 0.387 Thread 0x00000286cc5769a0 nmethod 241 0x00000286b886e590 code [0x00000286b886e760, 0x00000286b886eb58]

GC Heap History (0 events):
No events

Dll operation events (8 events):
Event: 0.015 Loaded shared library C:\Users\Azamat\.jdks\openjdk-22.0.1\bin\java.dll
Event: 0.140 Loaded shared library C:\Users\Azamat\.jdks\openjdk-22.0.1\bin\jsvml.dll
Event: 0.319 Loaded shared library C:\Users\Azamat\.jdks\openjdk-22.0.1\bin\zip.dll
Event: 0.326 Loaded shared library C:\Users\Azamat\.jdks\openjdk-22.0.1\bin\instrument.dll
Event: 0.347 Loaded shared library C:\Users\Azamat\.jdks\openjdk-22.0.1\bin\net.dll
Event: 0.349 Loaded shared library C:\Users\Azamat\.jdks\openjdk-22.0.1\bin\nio.dll
Event: 0.365 Loaded shared library C:\Users\Azamat\.jdks\openjdk-22.0.1\bin\zip.dll
Event: 0.381 Loaded shared library C:\Program Files\JetBrains\IntelliJ IDEA 2023.3.6\bin\breakgen64.dll

Deoptimization events (4 events):
Event: 0.319 Thread 0x00000286b04e5550 Uncommon trap: trap_request=0xffffff45 fr.pc=0x00000286c03071d8 relative=0x00000000000000b8
Event: 0.319 Thread 0x00000286b04e5550 Uncommon trap: reason=unstable_if action=reinterpret pc=0x00000286c03071d8 method=java.lang.String.isLatin1()Z @ 10 c2
Event: 0.319 Thread 0x00000286b04e5550 DEOPT PACKING pc=0x00000286c03071d8 sp=0x000000a7a16fec20
Event: 0.319 Thread 0x00000286b04e5550 DEOPT UNPACKING pc=0x00000286bfdb46a2 sp=0x000000a7a16feb60 mode 2

Classes loaded (20 events):
Event: 0.386 Loading class java/lang/invoke/VarHandleInts$FieldInstanceReadWrite
Event: 0.386 Loading class java/lang/invoke/VarHandleInts$FieldInstanceReadOnly
Event: 0.386 Loading class java/lang/invoke/VarHandleInts$FieldInstanceReadOnly done
Event: 0.386 Loading class java/lang/invoke/VarHandleInts$FieldInstanceReadWrite done
Event: 0.386 Loading class java/lang/invoke/VarHandleGuards
Event: 0.386 Loading class jdk/internal/misc/MethodFinder
Event: 0.387 Loading class jdk/internal/misc/MethodFinder done
Event: 0.387 Loading class jdk/internal/misc/PreviewFeatures
Event: 0.387 Loading class jdk/internal/misc/PreviewFeatures done
Event: 0.387 Loading class java/lang/invoke/VarHandleGuards done
Event: 0.387 Loading class java/io/IOException
Event: 0.387 Loading class java/io/IOException done
Event: 0.387 Loading class java/lang/SecurityException
Event: 0.387 Loading class java/lang/SecurityException done
Event: 0.387 Loading class java/io/FileReader
Event: 0.387 Loading class java/lang/invoke/VarForm
Event: 0.387 Loading class java/io/FileReader done
Event: 0.387 Loading class java/lang/invoke/VarForm done
Event: 0.387 Loading class java/util/Arrays$ArrayList
Event: 0.388 Loading class java/lang/invoke/VarHandleReferences$FieldInstanceReadWrite

Classes unloaded (0 events):
No events

Classes redefined (0 events):
No events

Internal exceptions (2 events):
Event: 0.369 Thread 0x00000286b04e5550 Exception <a 'java/lang/NoSuchMethodError'{0x0000000089b53590}: 'void java.lang.invoke.DirectMethodHandle$Holder.invokeStatic(java.lang.Object, java.lang.Object, java.lang.Object)'> (0x0000000089b53590) 
thrown [s\open\src\hotspot\share\interpreter\linkResolver.cpp, line 774]
Event: 0.376 Thread 0x00000286b04e5550 Exception <a 'java/lang/NoSuchMethodError'{0x0000000089b6af10}: 'java.lang.Object java.lang.invoke.Invokers$Holder.invokeExact_MT(java.lang.Object, java.lang.Object, java.lang.Object, java.lang.Object, java.lang.Object)'> (0x0000000089b6af10) 
thrown [s\open\src\hotspot\share\interpreter\linkResolver.cpp, line 774]

ZGC Phase Switch (0 events):
No events

VM Operations (2 events):
Event: 0.294 Executing VM operation: HandshakeAllThreads (Deoptimize)
Event: 0.294 Executing VM operation: HandshakeAllThreads (Deoptimize) done

Events (12 events):
Event: 0.025 Thread 0x00000286b04e5550 Thread added: 0x00000286b04e5550
Event: 0.135 Thread 0x00000286cc521490 Thread added: 0x00000286cc521490
Event: 0.135 Thread 0x00000286cc5604e0 Thread added: 0x00000286cc5604e0
Event: 0.137 Thread 0x00000286cc556f80 Thread added: 0x00000286cc556f80
Event: 0.137 Thread 0x00000286cc5579e0 Thread added: 0x00000286cc5579e0
Event: 0.137 Thread 0x00000286cc54dcb0 Thread added: 0x00000286cc54dcb0
Event: 0.138 Thread 0x00000286cc553c20 Thread added: 0x00000286cc553c20
Event: 0.138 Thread 0x00000286cc575ef0 Thread added: 0x00000286cc575ef0
Event: 0.138 Thread 0x00000286cc5769a0 Thread added: 0x00000286cc5769a0
Event: 0.270 Thread 0x00000286cc6c7360 Thread added: 0x00000286cc6c7360
Event: 0.382 Thread 0x00000286d1021c70 Thread added: 0x00000286d1021c70
Event: 0.382 Thread 0x00000286d10222e0 Thread added: 0x00000286d10222e0


Dynamic libraries:
0x00007ff7b04c0000 - 0x00007ff7b04ce000 	C:\Users\Azamat\.jdks\openjdk-22.0.1\bin\java.exe
0x00007ffc37b50000 - 0x00007ffc37d48000 	C:\WINDOWS\SYSTEM32\ntdll.dll
0x00007ffc36070000 - 0x00007ffc36132000 	C:\WINDOWS\System32\KERNEL32.DLL
0x00007ffc35680000 - 0x00007ffc3597e000 	C:\WINDOWS\System32\KERNELBASE.dll
0x00007ffc35a10000 - 0x00007ffc35b10000 	C:\WINDOWS\System32\ucrtbase.dll
0x00007ffc2c3d0000 - 0x00007ffc2c3e7000 	C:\Users\Azamat\.jdks\openjdk-22.0.1\bin\jli.dll
0x00007ffc2c9c0000 - 0x00007ffc2c9db000 	C:\Users\Azamat\.jdks\openjdk-22.0.1\bin\VCRUNTIME140.dll
0x00007ffc37810000 - 0x00007ffc379ad000 	C:\WINDOWS\System32\USER32.dll
0x00007ffc35650000 - 0x00007ffc35672000 	C:\WINDOWS\System32\win32u.dll
0x00007ffc33e70000 - 0x00007ffc3410a000 	C:\WINDOWS\WinSxS\amd64_microsoft.windows.common-controls_6595b64144ccf1df_6.0.19041.4355_none_60b8b9eb71f62e16\COMCTL32.dll
0x00007ffc365e0000 - 0x00007ffc3660b000 	C:\WINDOWS\System32\GDI32.dll
0x00007ffc36800000 - 0x00007ffc3689e000 	C:\WINDOWS\System32\msvcrt.dll
0x00007ffc35310000 - 0x00007ffc35427000 	C:\WINDOWS\System32\gdi32full.dll
0x00007ffc35270000 - 0x00007ffc3530d000 	C:\WINDOWS\System32\msvcp_win.dll
0x00007ffc37140000 - 0x00007ffc3716f000 	C:\WINDOWS\System32\IMM32.DLL
0x00007ffc2f130000 - 0x00007ffc2f13c000 	C:\Users\Azamat\.jdks\openjdk-22.0.1\bin\vcruntime140_1.dll
0x00007ffc04a50000 - 0x00007ffc04ade000 	C:\Users\Azamat\.jdks\openjdk-22.0.1\bin\msvcp140.dll
0x00007ffbd6e80000 - 0x00007ffbd7bc7000 	C:\Users\Azamat\.jdks\openjdk-22.0.1\bin\server\jvm.dll
0x00007ffc37080000 - 0x00007ffc37131000 	C:\WINDOWS\System32\ADVAPI32.dll
0x00007ffc375f0000 - 0x00007ffc3768f000 	C:\WINDOWS\System32\sechost.dll
0x00007ffc36610000 - 0x00007ffc36733000 	C:\WINDOWS\System32\RPCRT4.dll
0x00007ffc35b10000 - 0x00007ffc35b37000 	C:\WINDOWS\System32\bcrypt.dll
0x00007ffc368a0000 - 0x00007ffc3690b000 	C:\WINDOWS\System32\WS2_32.dll
0x00007ffc34700000 - 0x00007ffc3474b000 	C:\WINDOWS\SYSTEM32\POWRPROF.dll
0x00007ffc33630000 - 0x00007ffc33657000 	C:\WINDOWS\SYSTEM32\WINMM.dll
0x00007ffc29ca0000 - 0x00007ffc29caa000 	C:\WINDOWS\SYSTEM32\VERSION.dll
0x00007ffc345c0000 - 0x00007ffc345d2000 	C:\WINDOWS\SYSTEM32\UMPDC.dll
0x00007ffc32f60000 - 0x00007ffc32f72000 	C:\WINDOWS\SYSTEM32\kernel.appcore.dll
0x00007ffc28a60000 - 0x00007ffc28a6a000 	C:\Users\Azamat\.jdks\openjdk-22.0.1\bin\jimage.dll
0x00007ffc2fc20000 - 0x00007ffc2fe04000 	C:\WINDOWS\SYSTEM32\DBGHELP.DLL
0x00007ffc1bf10000 - 0x00007ffc1bf44000 	C:\WINDOWS\SYSTEM32\dbgcore.DLL
0x00007ffc35980000 - 0x00007ffc35a02000 	C:\WINDOWS\System32\bcryptPrimitives.dll
0x00007ffc28a20000 - 0x00007ffc28a2f000 	C:\Users\Azamat\.jdks\openjdk-22.0.1\bin\instrument.dll
0x00007ffc28a40000 - 0x00007ffc28a5e000 	C:\Users\Azamat\.jdks\openjdk-22.0.1\bin\java.dll
0x00007ffc36910000 - 0x00007ffc3707d000 	C:\WINDOWS\System32\SHELL32.dll
0x00007ffc379b0000 - 0x00007ffc37adb000 	C:\WINDOWS\System32\ole32.dll
0x00007ffc35d10000 - 0x00007ffc36063000 	C:\WINDOWS\System32\combase.dll
0x00007ffc336c0000 - 0x00007ffc33e64000 	C:\WINDOWS\SYSTEM32\windows.storage.dll
0x00007ffc34bf0000 - 0x00007ffc34c1e000 	C:\WINDOWS\SYSTEM32\Wldp.dll
0x00007ffc36310000 - 0x00007ffc363dd000 	C:\WINDOWS\System32\OLEAUT32.dll
0x00007ffc36260000 - 0x00007ffc3630d000 	C:\WINDOWS\System32\SHCORE.dll
0x00007ffc36740000 - 0x00007ffc36795000 	C:\WINDOWS\System32\shlwapi.dll
0x00007ffc350f0000 - 0x00007ffc35114000 	C:\WINDOWS\SYSTEM32\profapi.dll
0x00007ffc01bd0000 - 0x00007ffc01ca7000 	C:\Users\Azamat\.jdks\openjdk-22.0.1\bin\jsvml.dll
0x00007ffc1de70000 - 0x00007ffc1de87000 	C:\Users\Azamat\.jdks\openjdk-22.0.1\bin\zip.dll
0x00007ffc28990000 - 0x00007ffc289a0000 	C:\Users\Azamat\.jdks\openjdk-22.0.1\bin\net.dll
0x00007ffc34950000 - 0x00007ffc349ba000 	C:\WINDOWS\system32\mswsock.dll
0x00007ffc1e120000 - 0x00007ffc1e136000 	C:\Users\Azamat\.jdks\openjdk-22.0.1\bin\nio.dll
0x00007ffc1de30000 - 0x00007ffc1de4a000 	C:\Program Files\JetBrains\IntelliJ IDEA 2023.3.6\bin\breakgen64.dll

dbghelp: loaded successfully - version: 4.0.5 - missing functions: none
symbol engine: initialized successfully - sym options: 0x614 - pdb path: .;C:\Users\Azamat\.jdks\openjdk-22.0.1\bin;C:\WINDOWS\SYSTEM32;C:\WINDOWS\WinSxS\amd64_microsoft.windows.common-controls_6595b64144ccf1df_6.0.19041.4355_none_60b8b9eb71f62e16;C:\Users\Azamat\.jdks\openjdk-22.0.1\bin\server;C:\Program Files\JetBrains\IntelliJ IDEA 2023.3.6\bin

VM Arguments:
jvm_args: -ea -Didea.test.cyclic.buffer.size=1048576 -javaagent:C:\Program Files\JetBrains\IntelliJ IDEA 2023.3.6\lib\idea_rt.jar=55539:C:\Program Files\JetBrains\IntelliJ IDEA 2023.3.6\bin -Dfile.encoding=UTF-8 -Dsun.stdout.encoding=UTF-8 -Dsun.stderr.encoding=UTF-8 
java_command: com.intellij.rt.junit.JUnitStarter -ideVersion5 -junit4 UserServiceTest
java_class_path (initial): C:\Program Files\JetBrains\IntelliJ IDEA 2023.3.6\lib\idea_rt.jar;C:\Program Files\JetBrains\IntelliJ IDEA 2023.3.6\plugins\junit\lib\junit5-rt.jar;C:\Program Files\JetBrains\IntelliJ IDEA 2023.3.6\plugins\junit\lib\junit-rt.jar;C:\Users\Azamat\IdeaProjects\PP_1.1.3\target\test-classes;C:\Users\Azamat\IdeaProjects\PP_1.1.3\target\classes;C:\Users\Azamat\.m2\repository\junit\junit\4.13.2\junit-4.13.2.jar;C:\Users\Azamat\.m2\repository\org\hamcrest\hamcrest-core\1.3\hamcrest-core-1.3.jar;C:\Users\Azamat\.m2\repository\mysql\mysql-connector-java\8.0.25\mysql-connector-java-8.0.25.jar;C:\Users\Azamat\.m2\repository\com\google\protobuf\protobuf-java\3.11.4\protobuf-java-3.11.4.jar;C:\Users\Azamat\.m2\repository\org\hibernate\javax\persistence\hibernate-jpa-2.1-api\1.0.2.Final\hibernate-jpa-2.1-api-1.0.2.Final.jar;C:\Users\Azamat\.m2\repository\org\hibernate\hibernate-core\5.6.3.Final\hibernate-core-5.6.3.Final.jar;C:\Users\Azamat\.m2\repository\org\jboss\logging\jboss-logging\3.4.2.Final\jboss-logging-3.4.2.Final.jar;C:\Users\Azamat\.m2\repository\javax\persistence\javax.persistence-api\2.2\javax.persistence-api-2.2.jar;C:\Users\Azamat\.m2\repository\net\bytebuddy\byte-buddy\1.11.20\byte-buddy-1.11.20.jar;C:\Users\Azamat\.m2\repository\antlr\antlr\2.7.7\antlr-2.7.7.jar;C:\Users\Azamat\.m2\repository\org\jboss\spec\javax\transaction\jboss-transaction-api_1.2_spec\1.1.1.Final\jboss-transaction-api_1.2_spec-1.1.1.Final.jar;C:\Users\Azamat\.m2\repository\org\jboss\jandex\2.2.3.Final\jandex-2.2.3.Final.jar;C:\Users\Azamat\.m2\repository\com\fasterxml\classmate\1.5.1\classmate-1.5.1.jar;C:\Users\Azamat\.m2\repository\javax\activation\javax.activation-api\1.2.0\javax.activation-api-1.2.0.jar;C:\Users\Azamat\.m2\repository\org\hibernate\common\hibernate-commons-annotations\5.1.2.Final\hibernate-commons-annotations-5.1.2.Final.jar;C:\Users\Azamat\.m2\repository\javax\xml\bind\jaxb-api\2.3.1\jaxb-api-2.3.1.jar;C:\Users\Azamat\.m2\repository\org\glassfish\jaxb\jaxb-runtime\2.3.1\jaxb-runtime-2.3.1.jar;C:\Users\Azamat\.m2\repository\org\glassfish\jaxb\txw2\2.3.1\txw2-2.3.1.jar;C:\Users\Azamat\.m2\repository\com\sun\istack\istack-commons-runtime\3.0.7\istack-commons-runtime-3.0.7.jar;C:\Users\Azamat\.m2\repository\org\jvnet\staxex\stax-ex\1.8\stax-ex-1.8.jar;C:\Users\Azamat\.m2\repository\com\sun\xml\fastinfoset\FastInfoset\1.2.15\FastInfoset-1.2.15.jar
Launcher Type: SUN_STANDARD

[Global flags]
     intx CICompilerCount                          = 3                                         {product} {ergonomic}
     uint ConcGCThreads                            = 1                                         {product} {ergonomic}
     uint G1ConcRefinementThreads                  = 4                                         {product} {ergonomic}
   size_t G1HeapRegionSize                         = 1048576                                   {product} {ergonomic}
   size_t InitialHeapSize                          = 134217728                                 {product} {ergonomic}
   size_t MarkStackSize                            = 4194304                                   {product} {ergonomic}
   size_t MaxHeapSize                              = 2116026368                                {product} {ergonomic}
   size_t MaxNewSize                               = 1268776960                                {product} {ergonomic}
   size_t MinHeapDeltaBytes                        = 1048576                                   {product} {ergonomic}
   size_t MinHeapSize                              = 8388608                                   {product} {ergonomic}
    uintx NonNMethodCodeHeapSize                   = 5832780                                {pd product} {ergonomic}
    uintx NonProfiledCodeHeapSize                  = 122912730                              {pd product} {ergonomic}
    uintx ProfiledCodeHeapSize                     = 122912730                              {pd product} {ergonomic}
    uintx ReservedCodeCacheSize                    = 251658240                              {pd product} {ergonomic}
     bool SegmentedCodeCache                       = true                                      {product} {ergonomic}
   size_t SoftMaxHeapSize                          = 2116026368                             {manageable} {ergonomic}
     bool UseCompressedOops                        = true                           {product lp64_product} {ergonomic}
     bool UseG1GC                                  = true                                      {product} {ergonomic}
     bool UseLargePagesIndividualAllocation        = false                                  {pd product} {ergonomic}

Logging:
Log output configuration:
 #0: stdout all=warning uptime,level,tags foldmultilines=false
 #1: stderr all=off uptime,level,tags foldmultilines=false

Environment Variables:
JAVA_HOME=C:\Java\JDK-17
PATH=C:\WINDOWS\system32;C:\WINDOWS;C:\WINDOWS\System32\Wbem;C:\WINDOWS\System32\WindowsPowerShell\v1.0\;C:\WINDOWS\System32\OpenSSH\;C:\Program Files\wget;C:\Program Files (x86)\Windows Live\Shared;C:\Program Files\wget;C:\Program Files (x86)\dotnet\;C:\Java\JDK-17\bin;C:\Program Files\apache-maven-3.9.6\bin;C:\Program Files\Git\cmd;C:\Program Files\MySQL\MySQL Shell 8.0\bin\;C:\Users\Azamat\AppData\Local\Microsoft\WindowsApps;C:\Users\Azamat\AppData\Local\GitHubDesktop\bin;C:\Program Files\JetBrains\IntelliJ IDEA Community Edition 2023.3.2\bin;;C:\Program Files\Git;C:\Program Files\apache-maven-3.9.6\bin;;C:\Program Files\JetBrains\IntelliJ IDEA 2023.3.6\bin;
USERNAME=Azamat
OS=Windows_NT
PROCESSOR_IDENTIFIER=Intel64 Family 6 Model 142 Stepping 9, GenuineIntel
TMP=C:\Users\Azamat\AppData\Local\Temp
TEMP=C:\Users\Azamat\AppData\Local\Temp




Periodic native trim disabled

---------------  S Y S T E M  ---------------

OS:
 Windows 10 , 64 bit Build 19041 (10.0.19041.5072)
OS uptime: 1 days 22:45 hours

CPU: total 4 (initial active 4) (2 cores per cpu, 2 threads per core) family 6 model 142 stepping 9 microcode 0xb4, cx8, cmov, fxsr, ht, mmx, 3dnowpref, sse, sse2, sse3, ssse3, sse4.1, sse4.2, popcnt, lzcnt, tsc, tscinvbit, avx, avx2, aes, erms, clmul, bmi1, bmi2, adx, fma, vzeroupper, clflush, clflushopt, rdtscp, f16c
Processor Information for all 4 processors :
  Max Mhz: 2712, Current Mhz: 2511, Mhz Limit: 2495

Memory: 4k page, system-wide physical 8067M (1463M free)
TotalPageFile size 10067M (AvailPageFile size 0M)
current process WorkingSet (physical memory assigned to process): 34M, peak: 34M
current process commit charge ("private bytes"): 197M, peak: 197M

vm_info: OpenJDK 64-Bit Server VM (22.0.1+8-16) for windows-amd64 JRE (22.0.1+8-16), built on 2024-03-12T10:33:16Z by "mach5one" with MS VC++ 17.6 (VS2022)

END.
