#
# There is insufficient memory for the Java Runtime Environment to continue.
# Native memory allocation (malloc) failed to allocate 107904 bytes. Error detail: Chunk::new
# Possible reasons:
#   The system is out of physical RAM or swap space
#   This process is running with CompressedOops enabled, and the Java Heap may be blocking the growth of the native heap
# Possible solutions:
#   Reduce memory load on the system
#   Increase physical memory or swap space
#   Check if swap backing store is full
#   Decrease Java heap size (-Xmx/-Xms)
#   Decrease number of Java threads
#   Decrease Java thread stack sizes (-Xss)
#   Set larger code cache with -XX:ReservedCodeCacheSize=
#   JVM is running with Unscaled Compressed Oops mode in which the Java heap is
#     placed in the first 4GB address space. The Java Heap base address is the
#     maximum limit for the native heap growth. Please use -XX:HeapBaseMinAddress
#     to set the Java Heap base and to place the Java Heap above 4GB virtual address.
# This output file may be truncated or incomplete.
#
#  Out of Memory Error (arena.cpp:150), pid=3184, tid=8780
#
# JRE version: OpenJDK Runtime Environment (22.0.1+8) (build 22.0.1+8-16)
# Java VM: OpenJDK 64-Bit Server VM (22.0.1+8-16, mixed mode, sharing, tiered, compressed oops, compressed class ptrs, g1 gc, windows-amd64)
# No core dump will be written. Minidumps are not enabled by default on client versions of Windows
#

---------------  S U M M A R Y ------------

Command Line: -javaagent:C:\Program Files\JetBrains\IntelliJ IDEA 2023.3.6\lib\idea_rt.jar=55856:C:\Program Files\JetBrains\IntelliJ IDEA 2023.3.6\bin -Dfile.encoding=UTF-8 -Dsun.stdout.encoding=UTF-8 -Dsun.stderr.encoding=UTF-8 jm.task.core.jdbc.Main

Host: Intel(R) Core(TM) i5-7200U CPU @ 2.50GHz, 4 cores, 7G,  Windows 10 , 64 bit Build 19041 (10.0.19041.5072)
Time: Sat Dec 14 20:17:33 2024 RTZ 4 (s 10 , 64 bit Build 19041 (10.0.19041.5072) elapsed time: 0.202375 seconds (0d 0h 0m 0s)

---------------  T H R E A D  ---------------

Current thread (0x000002297afc8b40):  JavaThread "C2 CompilerThread0" daemon [_thread_in_native, id=8780, stack(0x000000a0e0400000,0x000000a0e0500000) (1024K)]


Current CompileTask:
C2:202  196   !   4       java.util.zip.ZipFile$Source::checkAndAddEntry (354 bytes)

Stack: [0x000000a0e0400000,0x000000a0e0500000]
Native frames: (J=compiled Java code, j=interpreted, Vv=VM code, C=native code)
V  [jvm.dll+0x6e2279]  (no source info available)
V  [jvm.dll+0x874e33]  (no source info available)
V  [jvm.dll+0x87725e]  (no source info available)
V  [jvm.dll+0x877933]  (no source info available)
V  [jvm.dll+0x27fd76]  (no source info available)
V  [jvm.dll+0xc3d0f]  (no source info available)
V  [jvm.dll+0xc3f6b]  (no source info available)
V  [jvm.dll+0x3bb10c]  (no source info available)
V  [jvm.dll+0x387b6b]  (no source info available)
V  [jvm.dll+0x386fda]  (no source info available)
V  [jvm.dll+0x247918]  (no source info available)
V  [jvm.dll+0x246fbf]  (no source info available)
V  [jvm.dll+0x1c4e90]  (no source info available)
V  [jvm.dll+0x2569fe]  (no source info available)
V  [jvm.dll+0x254cba]  (no source info available)
V  [jvm.dll+0x3f5336]  (no source info available)
V  [jvm.dll+0x81d44b]  (no source info available)
V  [jvm.dll+0x6e0915]  (no source info available)
C  [ucrtbase.dll+0x21bb2]  (no source info available)
C  [KERNEL32.DLL+0x17374]  (no source info available)
C  [ntdll.dll+0x4cc91]  (no source info available)


---------------  P R O C E S S  ---------------

Threads class SMR info:
_java_thread_list=0x0000022945341bd0, length=11, elements={
0x000002295cd43eb0, 0x000002297afbc680, 0x000002297afbd5a0, 0x000002297afc06d0,
0x000002297afc3640, 0x000002297afc4400, 0x000002297afc7610, 0x000002297afc8b40,
0x000002297afd8210, 0x000002297af83930, 0x00000229452f9070
}

Java Threads: ( => current thread )
  0x000002295cd43eb0 JavaThread "main"                              [_thread_in_vm, id=8544, stack(0x000000a0df600000,0x000000a0df700000) (1024K)]
  0x000002297afbc680 JavaThread "Reference Handler"          daemon [_thread_blocked, id=4516, stack(0x000000a0dfe00000,0x000000a0dff00000) (1024K)]
  0x000002297afbd5a0 JavaThread "Finalizer"                  daemon [_thread_blocked, id=7992, stack(0x000000a0dff00000,0x000000a0e0000000) (1024K)]
  0x000002297afc06d0 JavaThread "Signal Dispatcher"          daemon [_thread_blocked, id=11348, stack(0x000000a0e0000000,0x000000a0e0100000) (1024K)]
  0x000002297afc3640 JavaThread "Attach Listener"            daemon [_thread_blocked, id=9288, stack(0x000000a0e0100000,0x000000a0e0200000) (1024K)]
  0x000002297afc4400 JavaThread "Service Thread"             daemon [_thread_blocked, id=12516, stack(0x000000a0e0200000,0x000000a0e0300000) (1024K)]
  0x000002297afc7610 JavaThread "Monitor Deflation Thread"   daemon [_thread_blocked, id=3480, stack(0x000000a0e0300000,0x000000a0e0400000) (1024K)]
=>0x000002297afc8b40 JavaThread "C2 CompilerThread0"         daemon [_thread_in_native, id=8780, stack(0x000000a0e0400000,0x000000a0e0500000) (1024K)]
  0x000002297afd8210 JavaThread "C1 CompilerThread0"         daemon [_thread_blocked, id=8896, stack(0x000000a0e0500000,0x000000a0e0600000) (1024K)]
  0x000002297af83930 JavaThread "Common-Cleaner"             daemon [_thread_blocked, id=1764, stack(0x000000a0e0600000,0x000000a0e0700000) (1024K)]
  0x00000229452f9070 JavaThread "C2 CompilerThread1"         daemon [_thread_blocked, id=12704, stack(0x000000a0e0700000,0x000000a0e0800000) (1024K)]
Total: 11

Other Threads:
  0x000002297af9a830 VMThread "VM Thread"                           [id=4972, stack(0x000000a0dfd00000,0x000000a0dfe00000) (1024K)]
  0x000002297af82d40 WatcherThread "VM Periodic Task Thread"        [id=108, stack(0x000000a0dfc00000,0x000000a0dfd00000) (1024K)]
  0x000002295f065ea0 WorkerThread "GC Thread#0"                     [id=9056, stack(0x000000a0df700000,0x000000a0df800000) (1024K)]
  0x000002295f078090 ConcurrentGCThread "G1 Main Marker"            [id=9824, stack(0x000000a0df800000,0x000000a0df900000) (1024K)]
  0x000002295f079340 WorkerThread "G1 Conc#0"                       [id=8908, stack(0x000000a0df900000,0x000000a0dfa00000) (1024K)]
  0x000002295f0de9a0 ConcurrentGCThread "G1 Refine#0"               [id=7204, stack(0x000000a0dfa00000,0x000000a0dfb00000) (1024K)]
  0x000002297ae49650 ConcurrentGCThread "G1 Service"                [id=13188, stack(0x000000a0dfb00000,0x000000a0dfc00000) (1024K)]
Total: 7

Threads with active compile tasks:
C2 CompilerThread0  298  196   !   4       java.util.zip.ZipFile$Source::checkAndAddEntry (354 bytes)
Total: 1

VM state: not at safepoint (normal execution)

VM Mutex/Monitor currently owned by a thread:  ([mutex/lock_event])
[0x00007ffbd7ae9b38] Metaspace_lock - owner thread: 0x000002295cd43eb0

OutOfMemory and StackOverflow Exception counts:
OutOfMemoryError java_heap_errors=1

Heap address: 0x0000000081e00000, size: 2018 MB, Compressed Oops mode: 32-bit

CDS archive(s) mapped at: [0x0000022900000000-0x0000022900c50000-0x0000022900c50000), size 12910592, SharedBaseAddress: 0x0000022900000000, ArchiveRelocationMode: 1.
Compressed class space mapped at: 0x0000022901000000-0x0000022941000000, reserved size: 1073741824
Narrow klass base: 0x0000022900000000, Narrow klass shift: 0, Narrow klass range: 0x41000000

GC Precious Log:
 CardTable entry size: 512
 Card Set container configuration: InlinePtr #cards 5 size 8 Array Of Cards #cards 12 size 40 Howl #buckets 4 coarsen threshold 1843 Howl Bitmap #cards 512 size 80 coarsen threshold 460 Card regions per heap region 1 cards per card region 2048
 CPUs: 4 total, 4 available
 Memory: 8067M
 Large Page Support: Disabled
 NUMA Support: Disabled
 Compressed Oops: Enabled (32-bit)
 Heap Region Size: 1M
 Heap Min Capacity: 8M
 Heap Initial Capacity: 128M
 Heap Max Capacity: 2018M
 Pre-touch: Disabled
 Parallel Workers: 4
 Concurrent Workers: 1
 Concurrent Refinement Workers: 4
 Periodic GC: Disabled

Heap:
 garbage-first heap   total reserved 2066432K, committed 131072K, used 3072K [0x0000000081e00000, 0x0000000100000000)
  region size 1024K, 4 young (4096K), 0 survivors (0K)
 Metaspace       used 340K, committed 512K, reserved 1114112K
  class space    used 18K, committed 128K, reserved 1048576K

Heap Regions: E=young(eden), S=young(survivor), O=old, HS=humongous(starts), HC=humongous(continues), CS=collection set, F=free, TAMS=top-at-mark-start, PB=parsable bottom
|   0|0x0000000081e00000, 0x0000000081f00000, 0x0000000081f00000|100%|HS|  |TAMS 0x0000000081e00000| PB 0x0000000081e00000| Complete |  0
|   1|0x0000000081f00000, 0x0000000081f00000, 0x0000000082000000|  0%| F|  |TAMS 0x0000000081f00000| PB 0x0000000081f00000| Untracked |  0
|   2|0x0000000082000000, 0x0000000082000000, 0x0000000082100000|  0%| F|  |TAMS 0x0000000082000000| PB 0x0000000082000000| Untracked |  0
|   3|0x0000000082100000, 0x0000000082100000, 0x0000000082200000|  0%| F|  |TAMS 0x0000000082100000| PB 0x0000000082100000| Untracked |  0
|   4|0x0000000082200000, 0x0000000082200000, 0x0000000082300000|  0%| F|  |TAMS 0x0000000082200000| PB 0x0000000082200000| Untracked |  0
|   5|0x0000000082300000, 0x0000000082300000, 0x0000000082400000|  0%| F|  |TAMS 0x0000000082300000| PB 0x0000000082300000| Untracked |  0
|   6|0x0000000082400000, 0x0000000082400000, 0x0000000082500000|  0%| F|  |TAMS 0x0000000082400000| PB 0x0000000082400000| Untracked |  0
|   7|0x0000000082500000, 0x0000000082500000, 0x0000000082600000|  0%| F|  |TAMS 0x0000000082500000| PB 0x0000000082500000| Untracked |  0
|   8|0x0000000082600000, 0x0000000082600000, 0x0000000082700000|  0%| F|  |TAMS 0x0000000082600000| PB 0x0000000082600000| Untracked |  0
|   9|0x0000000082700000, 0x0000000082700000, 0x0000000082800000|  0%| F|  |TAMS 0x0000000082700000| PB 0x0000000082700000| Untracked |  0
|  10|0x0000000082800000, 0x0000000082800000, 0x0000000082900000|  0%| F|  |TAMS 0x0000000082800000| PB 0x0000000082800000| Untracked |  0
|  11|0x0000000082900000, 0x0000000082900000, 0x0000000082a00000|  0%| F|  |TAMS 0x0000000082900000| PB 0x0000000082900000| Untracked |  0
|  12|0x0000000082a00000, 0x0000000082a00000, 0x0000000082b00000|  0%| F|  |TAMS 0x0000000082a00000| PB 0x0000000082a00000| Untracked |  0
|  13|0x0000000082b00000, 0x0000000082b00000, 0x0000000082c00000|  0%| F|  |TAMS 0x0000000082b00000| PB 0x0000000082b00000| Untracked |  0
|  14|0x0000000082c00000, 0x0000000082c00000, 0x0000000082d00000|  0%| F|  |TAMS 0x0000000082c00000| PB 0x0000000082c00000| Untracked |  0
|  15|0x0000000082d00000, 0x0000000082d00000, 0x0000000082e00000|  0%| F|  |TAMS 0x0000000082d00000| PB 0x0000000082d00000| Untracked |  0
|  16|0x0000000082e00000, 0x0000000082e00000, 0x0000000082f00000|  0%| F|  |TAMS 0x0000000082e00000| PB 0x0000000082e00000| Untracked |  0
|  17|0x0000000082f00000, 0x0000000082f00000, 0x0000000083000000|  0%| F|  |TAMS 0x0000000082f00000| PB 0x0000000082f00000| Untracked |  0
|  18|0x0000000083000000, 0x0000000083000000, 0x0000000083100000|  0%| F|  |TAMS 0x0000000083000000| PB 0x0000000083000000| Untracked |  0
|  19|0x0000000083100000, 0x0000000083100000, 0x0000000083200000|  0%| F|  |TAMS 0x0000000083100000| PB 0x0000000083100000| Untracked |  0
|  20|0x0000000083200000, 0x0000000083200000, 0x0000000083300000|  0%| F|  |TAMS 0x0000000083200000| PB 0x0000000083200000| Untracked |  0
|  21|0x0000000083300000, 0x0000000083300000, 0x0000000083400000|  0%| F|  |TAMS 0x0000000083300000| PB 0x0000000083300000| Untracked |  0
|  22|0x0000000083400000, 0x0000000083400000, 0x0000000083500000|  0%| F|  |TAMS 0x0000000083400000| PB 0x0000000083400000| Untracked |  0
|  23|0x0000000083500000, 0x0000000083500000, 0x0000000083600000|  0%| F|  |TAMS 0x0000000083500000| PB 0x0000000083500000| Untracked |  0
|  24|0x0000000083600000, 0x0000000083600000, 0x0000000083700000|  0%| F|  |TAMS 0x0000000083600000| PB 0x0000000083600000| Untracked |  0
|  25|0x0000000083700000, 0x0000000083700000, 0x0000000083800000|  0%| F|  |TAMS 0x0000000083700000| PB 0x0000000083700000| Untracked |  0
|  26|0x0000000083800000, 0x0000000083800000, 0x0000000083900000|  0%| F|  |TAMS 0x0000000083800000| PB 0x0000000083800000| Untracked |  0
|  27|0x0000000083900000, 0x0000000083900000, 0x0000000083a00000|  0%| F|  |TAMS 0x0000000083900000| PB 0x0000000083900000| Untracked |  0
|  28|0x0000000083a00000, 0x0000000083a00000, 0x0000000083b00000|  0%| F|  |TAMS 0x0000000083a00000| PB 0x0000000083a00000| Untracked |  0
|  29|0x0000000083b00000, 0x0000000083b00000, 0x0000000083c00000|  0%| F|  |TAMS 0x0000000083b00000| PB 0x0000000083b00000| Untracked |  0
|  30|0x0000000083c00000, 0x0000000083c00000, 0x0000000083d00000|  0%| F|  |TAMS 0x0000000083c00000| PB 0x0000000083c00000| Untracked |  0
|  31|0x0000000083d00000, 0x0000000083d00000, 0x0000000083e00000|  0%| F|  |TAMS 0x0000000083d00000| PB 0x0000000083d00000| Untracked |  0
|  32|0x0000000083e00000, 0x0000000083e00000, 0x0000000083f00000|  0%| F|  |TAMS 0x0000000083e00000| PB 0x0000000083e00000| Untracked |  0
|  33|0x0000000083f00000, 0x0000000083f00000, 0x0000000084000000|  0%| F|  |TAMS 0x0000000083f00000| PB 0x0000000083f00000| Untracked |  0
|  34|0x0000000084000000, 0x0000000084000000, 0x0000000084100000|  0%| F|  |TAMS 0x0000000084000000| PB 0x0000000084000000| Untracked |  0
|  35|0x0000000084100000, 0x0000000084100000, 0x0000000084200000|  0%| F|  |TAMS 0x0000000084100000| PB 0x0000000084100000| Untracked |  0
|  36|0x0000000084200000, 0x0000000084200000, 0x0000000084300000|  0%| F|  |TAMS 0x0000000084200000| PB 0x0000000084200000| Untracked |  0
|  37|0x0000000084300000, 0x0000000084300000, 0x0000000084400000|  0%| F|  |TAMS 0x0000000084300000| PB 0x0000000084300000| Untracked |  0
|  38|0x0000000084400000, 0x0000000084400000, 0x0000000084500000|  0%| F|  |TAMS 0x0000000084400000| PB 0x0000000084400000| Untracked |  0
|  39|0x0000000084500000, 0x0000000084500000, 0x0000000084600000|  0%| F|  |TAMS 0x0000000084500000| PB 0x0000000084500000| Untracked |  0
|  40|0x0000000084600000, 0x0000000084600000, 0x0000000084700000|  0%| F|  |TAMS 0x0000000084600000| PB 0x0000000084600000| Untracked |  0
|  41|0x0000000084700000, 0x0000000084700000, 0x0000000084800000|  0%| F|  |TAMS 0x0000000084700000| PB 0x0000000084700000| Untracked |  0
|  42|0x0000000084800000, 0x0000000084800000, 0x0000000084900000|  0%| F|  |TAMS 0x0000000084800000| PB 0x0000000084800000| Untracked |  0
|  43|0x0000000084900000, 0x0000000084900000, 0x0000000084a00000|  0%| F|  |TAMS 0x0000000084900000| PB 0x0000000084900000| Untracked |  0
|  44|0x0000000084a00000, 0x0000000084a00000, 0x0000000084b00000|  0%| F|  |TAMS 0x0000000084a00000| PB 0x0000000084a00000| Untracked |  0
|  45|0x0000000084b00000, 0x0000000084b00000, 0x0000000084c00000|  0%| F|  |TAMS 0x0000000084b00000| PB 0x0000000084b00000| Untracked |  0
|  46|0x0000000084c00000, 0x0000000084c00000, 0x0000000084d00000|  0%| F|  |TAMS 0x0000000084c00000| PB 0x0000000084c00000| Untracked |  0
|  47|0x0000000084d00000, 0x0000000084d00000, 0x0000000084e00000|  0%| F|  |TAMS 0x0000000084d00000| PB 0x0000000084d00000| Untracked |  0
|  48|0x0000000084e00000, 0x0000000084e00000, 0x0000000084f00000|  0%| F|  |TAMS 0x0000000084e00000| PB 0x0000000084e00000| Untracked |  0
|  49|0x0000000084f00000, 0x0000000084f00000, 0x0000000085000000|  0%| F|  |TAMS 0x0000000084f00000| PB 0x0000000084f00000| Untracked |  0
|  50|0x0000000085000000, 0x0000000085000000, 0x0000000085100000|  0%| F|  |TAMS 0x0000000085000000| PB 0x0000000085000000| Untracked |  0
|  51|0x0000000085100000, 0x0000000085100000, 0x0000000085200000|  0%| F|  |TAMS 0x0000000085100000| PB 0x0000000085100000| Untracked |  0
|  52|0x0000000085200000, 0x0000000085200000, 0x0000000085300000|  0%| F|  |TAMS 0x0000000085200000| PB 0x0000000085200000| Untracked |  0
|  53|0x0000000085300000, 0x0000000085300000, 0x0000000085400000|  0%| F|  |TAMS 0x0000000085300000| PB 0x0000000085300000| Untracked |  0
|  54|0x0000000085400000, 0x0000000085400000, 0x0000000085500000|  0%| F|  |TAMS 0x0000000085400000| PB 0x0000000085400000| Untracked |  0
|  55|0x0000000085500000, 0x0000000085500000, 0x0000000085600000|  0%| F|  |TAMS 0x0000000085500000| PB 0x0000000085500000| Untracked |  0
|  56|0x0000000085600000, 0x0000000085600000, 0x0000000085700000|  0%| F|  |TAMS 0x0000000085600000| PB 0x0000000085600000| Untracked |  0
|  57|0x0000000085700000, 0x0000000085700000, 0x0000000085800000|  0%| F|  |TAMS 0x0000000085700000| PB 0x0000000085700000| Untracked |  0
|  58|0x0000000085800000, 0x0000000085800000, 0x0000000085900000|  0%| F|  |TAMS 0x0000000085800000| PB 0x0000000085800000| Untracked |  0
|  59|0x0000000085900000, 0x0000000085900000, 0x0000000085a00000|  0%| F|  |TAMS 0x0000000085900000| PB 0x0000000085900000| Untracked |  0
|  60|0x0000000085a00000, 0x0000000085a00000, 0x0000000085b00000|  0%| F|  |TAMS 0x0000000085a00000| PB 0x0000000085a00000| Untracked |  0
|  61|0x0000000085b00000, 0x0000000085b00000, 0x0000000085c00000|  0%| F|  |TAMS 0x0000000085b00000| PB 0x0000000085b00000| Untracked |  0
|  62|0x0000000085c00000, 0x0000000085c00000, 0x0000000085d00000|  0%| F|  |TAMS 0x0000000085c00000| PB 0x0000000085c00000| Untracked |  0
|  63|0x0000000085d00000, 0x0000000085d00000, 0x0000000085e00000|  0%| F|  |TAMS 0x0000000085d00000| PB 0x0000000085d00000| Untracked |  0
|  64|0x0000000085e00000, 0x0000000085e00000, 0x0000000085f00000|  0%| F|  |TAMS 0x0000000085e00000| PB 0x0000000085e00000| Untracked |  0
|  65|0x0000000085f00000, 0x0000000085f00000, 0x0000000086000000|  0%| F|  |TAMS 0x0000000085f00000| PB 0x0000000085f00000| Untracked |  0
|  66|0x0000000086000000, 0x0000000086000000, 0x0000000086100000|  0%| F|  |TAMS 0x0000000086000000| PB 0x0000000086000000| Untracked |  0
|  67|0x0000000086100000, 0x0000000086100000, 0x0000000086200000|  0%| F|  |TAMS 0x0000000086100000| PB 0x0000000086100000| Untracked |  0
|  68|0x0000000086200000, 0x0000000086200000, 0x0000000086300000|  0%| F|  |TAMS 0x0000000086200000| PB 0x0000000086200000| Untracked |  0
|  69|0x0000000086300000, 0x0000000086300000, 0x0000000086400000|  0%| F|  |TAMS 0x0000000086300000| PB 0x0000000086300000| Untracked |  0
|  70|0x0000000086400000, 0x0000000086400000, 0x0000000086500000|  0%| F|  |TAMS 0x0000000086400000| PB 0x0000000086400000| Untracked |  0
|  71|0x0000000086500000, 0x0000000086500000, 0x0000000086600000|  0%| F|  |TAMS 0x0000000086500000| PB 0x0000000086500000| Untracked |  0
|  72|0x0000000086600000, 0x0000000086600000, 0x0000000086700000|  0%| F|  |TAMS 0x0000000086600000| PB 0x0000000086600000| Untracked |  0
|  73|0x0000000086700000, 0x0000000086700000, 0x0000000086800000|  0%| F|  |TAMS 0x0000000086700000| PB 0x0000000086700000| Untracked |  0
|  74|0x0000000086800000, 0x0000000086800000, 0x0000000086900000|  0%| F|  |TAMS 0x0000000086800000| PB 0x0000000086800000| Untracked |  0
|  75|0x0000000086900000, 0x0000000086900000, 0x0000000086a00000|  0%| F|  |TAMS 0x0000000086900000| PB 0x0000000086900000| Untracked |  0
|  76|0x0000000086a00000, 0x0000000086a00000, 0x0000000086b00000|  0%| F|  |TAMS 0x0000000086a00000| PB 0x0000000086a00000| Untracked |  0
|  77|0x0000000086b00000, 0x0000000086b00000, 0x0000000086c00000|  0%| F|  |TAMS 0x0000000086b00000| PB 0x0000000086b00000| Untracked |  0
|  78|0x0000000086c00000, 0x0000000086c00000, 0x0000000086d00000|  0%| F|  |TAMS 0x0000000086c00000| PB 0x0000000086c00000| Untracked |  0
|  79|0x0000000086d00000, 0x0000000086d00000, 0x0000000086e00000|  0%| F|  |TAMS 0x0000000086d00000| PB 0x0000000086d00000| Untracked |  0
|  80|0x0000000086e00000, 0x0000000086e00000, 0x0000000086f00000|  0%| F|  |TAMS 0x0000000086e00000| PB 0x0000000086e00000| Untracked |  0
|  81|0x0000000086f00000, 0x0000000086f00000, 0x0000000087000000|  0%| F|  |TAMS 0x0000000086f00000| PB 0x0000000086f00000| Untracked |  0
|  82|0x0000000087000000, 0x0000000087000000, 0x0000000087100000|  0%| F|  |TAMS 0x0000000087000000| PB 0x0000000087000000| Untracked |  0
|  83|0x0000000087100000, 0x0000000087100000, 0x0000000087200000|  0%| F|  |TAMS 0x0000000087100000| PB 0x0000000087100000| Untracked |  0
|  84|0x0000000087200000, 0x0000000087200000, 0x0000000087300000|  0%| F|  |TAMS 0x0000000087200000| PB 0x0000000087200000| Untracked |  0
|  85|0x0000000087300000, 0x0000000087300000, 0x0000000087400000|  0%| F|  |TAMS 0x0000000087300000| PB 0x0000000087300000| Untracked |  0
|  86|0x0000000087400000, 0x0000000087400000, 0x0000000087500000|  0%| F|  |TAMS 0x0000000087400000| PB 0x0000000087400000| Untracked |  0
|  87|0x0000000087500000, 0x0000000087500000, 0x0000000087600000|  0%| F|  |TAMS 0x0000000087500000| PB 0x0000000087500000| Untracked |  0
|  88|0x0000000087600000, 0x0000000087600000, 0x0000000087700000|  0%| F|  |TAMS 0x0000000087600000| PB 0x0000000087600000| Untracked |  0
|  89|0x0000000087700000, 0x0000000087700000, 0x0000000087800000|  0%| F|  |TAMS 0x0000000087700000| PB 0x0000000087700000| Untracked |  0
|  90|0x0000000087800000, 0x0000000087800000, 0x0000000087900000|  0%| F|  |TAMS 0x0000000087800000| PB 0x0000000087800000| Untracked |  0
|  91|0x0000000087900000, 0x0000000087900000, 0x0000000087a00000|  0%| F|  |TAMS 0x0000000087900000| PB 0x0000000087900000| Untracked |  0
|  92|0x0000000087a00000, 0x0000000087a00000, 0x0000000087b00000|  0%| F|  |TAMS 0x0000000087a00000| PB 0x0000000087a00000| Untracked |  0
|  93|0x0000000087b00000, 0x0000000087b00000, 0x0000000087c00000|  0%| F|  |TAMS 0x0000000087b00000| PB 0x0000000087b00000| Untracked |  0
|  94|0x0000000087c00000, 0x0000000087c00000, 0x0000000087d00000|  0%| F|  |TAMS 0x0000000087c00000| PB 0x0000000087c00000| Untracked |  0
|  95|0x0000000087d00000, 0x0000000087d00000, 0x0000000087e00000|  0%| F|  |TAMS 0x0000000087d00000| PB 0x0000000087d00000| Untracked |  0
|  96|0x0000000087e00000, 0x0000000087e00000, 0x0000000087f00000|  0%| F|  |TAMS 0x0000000087e00000| PB 0x0000000087e00000| Untracked |  0
|  97|0x0000000087f00000, 0x0000000087f00000, 0x0000000088000000|  0%| F|  |TAMS 0x0000000087f00000| PB 0x0000000087f00000| Untracked |  0
|  98|0x0000000088000000, 0x0000000088000000, 0x0000000088100000|  0%| F|  |TAMS 0x0000000088000000| PB 0x0000000088000000| Untracked |  0
|  99|0x0000000088100000, 0x0000000088100000, 0x0000000088200000|  0%| F|  |TAMS 0x0000000088100000| PB 0x0000000088100000| Untracked |  0
| 100|0x0000000088200000, 0x0000000088200000, 0x0000000088300000|  0%| F|  |TAMS 0x0000000088200000| PB 0x0000000088200000| Untracked |  0
| 101|0x0000000088300000, 0x0000000088300000, 0x0000000088400000|  0%| F|  |TAMS 0x0000000088300000| PB 0x0000000088300000| Untracked |  0
| 102|0x0000000088400000, 0x0000000088400000, 0x0000000088500000|  0%| F|  |TAMS 0x0000000088400000| PB 0x0000000088400000| Untracked |  0
| 103|0x0000000088500000, 0x0000000088500000, 0x0000000088600000|  0%| F|  |TAMS 0x0000000088500000| PB 0x0000000088500000| Untracked |  0
| 104|0x0000000088600000, 0x0000000088600000, 0x0000000088700000|  0%| F|  |TAMS 0x0000000088600000| PB 0x0000000088600000| Untracked |  0
| 105|0x0000000088700000, 0x0000000088700000, 0x0000000088800000|  0%| F|  |TAMS 0x0000000088700000| PB 0x0000000088700000| Untracked |  0
| 106|0x0000000088800000, 0x0000000088800000, 0x0000000088900000|  0%| F|  |TAMS 0x0000000088800000| PB 0x0000000088800000| Untracked |  0
| 107|0x0000000088900000, 0x0000000088900000, 0x0000000088a00000|  0%| F|  |TAMS 0x0000000088900000| PB 0x0000000088900000| Untracked |  0
| 108|0x0000000088a00000, 0x0000000088a00000, 0x0000000088b00000|  0%| F|  |TAMS 0x0000000088a00000| PB 0x0000000088a00000| Untracked |  0
| 109|0x0000000088b00000, 0x0000000088b00000, 0x0000000088c00000|  0%| F|  |TAMS 0x0000000088b00000| PB 0x0000000088b00000| Untracked |  0
| 110|0x0000000088c00000, 0x0000000088c00000, 0x0000000088d00000|  0%| F|  |TAMS 0x0000000088c00000| PB 0x0000000088c00000| Untracked |  0
| 111|0x0000000088d00000, 0x0000000088d00000, 0x0000000088e00000|  0%| F|  |TAMS 0x0000000088d00000| PB 0x0000000088d00000| Untracked |  0
| 112|0x0000000088e00000, 0x0000000088e00000, 0x0000000088f00000|  0%| F|  |TAMS 0x0000000088e00000| PB 0x0000000088e00000| Untracked |  0
| 113|0x0000000088f00000, 0x0000000088f00000, 0x0000000089000000|  0%| F|  |TAMS 0x0000000088f00000| PB 0x0000000088f00000| Untracked |  0
| 114|0x0000000089000000, 0x0000000089000000, 0x0000000089100000|  0%| F|  |TAMS 0x0000000089000000| PB 0x0000000089000000| Untracked |  0
| 115|0x0000000089100000, 0x0000000089100000, 0x0000000089200000|  0%| F|  |TAMS 0x0000000089100000| PB 0x0000000089100000| Untracked |  0
| 116|0x0000000089200000, 0x0000000089200000, 0x0000000089300000|  0%| F|  |TAMS 0x0000000089200000| PB 0x0000000089200000| Untracked |  0
| 117|0x0000000089300000, 0x0000000089300000, 0x0000000089400000|  0%| F|  |TAMS 0x0000000089300000| PB 0x0000000089300000| Untracked |  0
| 118|0x0000000089400000, 0x0000000089400000, 0x0000000089500000|  0%| F|  |TAMS 0x0000000089400000| PB 0x0000000089400000| Untracked |  0
| 119|0x0000000089500000, 0x0000000089500000, 0x0000000089600000|  0%| F|  |TAMS 0x0000000089500000| PB 0x0000000089500000| Untracked |  0
| 120|0x0000000089600000, 0x0000000089600000, 0x0000000089700000|  0%| F|  |TAMS 0x0000000089600000| PB 0x0000000089600000| Untracked |  0
| 121|0x0000000089700000, 0x0000000089700000, 0x0000000089800000|  0%| F|  |TAMS 0x0000000089700000| PB 0x0000000089700000| Untracked |  0
| 122|0x0000000089800000, 0x0000000089800000, 0x0000000089900000|  0%| F|  |TAMS 0x0000000089800000| PB 0x0000000089800000| Untracked |  0
| 123|0x0000000089900000, 0x0000000089900000, 0x0000000089a00000|  0%| F|  |TAMS 0x0000000089900000| PB 0x0000000089900000| Untracked |  0
| 124|0x0000000089a00000, 0x0000000089a4cfa0, 0x0000000089b00000| 30%| E|  |TAMS 0x0000000089a00000| PB 0x0000000089a00000| Complete |  0
| 125|0x0000000089b00000, 0x0000000089c00000, 0x0000000089c00000|100%| E|  |TAMS 0x0000000089b00000| PB 0x0000000089b00000| Complete |  0
| 126|0x0000000089c00000, 0x0000000089d00000, 0x0000000089d00000|100%| E|CS|TAMS 0x0000000089c00000| PB 0x0000000089c00000| Complete |  0
| 127|0x0000000089d00000, 0x0000000089e00000, 0x0000000089e00000|100%| E|CS|TAMS 0x0000000089d00000| PB 0x0000000089d00000| Complete |  0

Card table byte_map: [0x0000022976760000,0x0000022976b60000] _byte_map_base: 0x0000022976351000

Marking Bits: (CMBitMap*) 0x000002295f0679c0
 Bits: [0x0000022976b60000, 0x0000022978ae8000)

Polling page: 0x000002295cf60000

Metaspace:

Usage:
  Non-class:    322.19 KB used.
      Class:     18.77 KB used.
       Both:    340.95 KB used.

Virtual space:
  Non-class space:       64.00 MB reserved,     384.00 KB ( <1%) committed,  1 nodes.
      Class space:        1.00 GB reserved,     128.00 KB ( <1%) committed,  1 nodes.
             Both:        1.06 GB reserved,     512.00 KB ( <1%) committed. 

Chunk freelists:
   Non-Class:  12.00 MB
       Class:  15.75 MB
        Both:  27.74 MB

MaxMetaspaceSize: unlimited
CompressedClassSpaceSize: 1.00 GB
Initial GC threshold: 21.00 MB
Current GC threshold: 21.00 MB
CDS: on
 - commit_granule_bytes: 65536.
 - commit_granule_words: 8192.
 - virtual_space_node_default_size: 8388608.
 - enlarge_chunks_in_place: 1.
 - use_allocation_guard: 0.


Internal statistics:

num_allocs_failed_limit: 0.
num_arena_births: 6.
num_arena_deaths: 0.
num_vsnodes_births: 2.
num_vsnodes_deaths: 0.
num_space_committed: 8.
num_space_uncommitted: 0.
num_chunks_returned_to_freelist: 0.
num_chunks_taken_from_freelist: 7.
num_chunk_merges: 0.
num_chunk_splits: 5.
num_chunks_enlarged: 2.
num_inconsistent_stats: 0.

CodeHeap 'non-profiled nmethods': size=120000Kb used=77Kb max_used=77Kb free=119922Kb
 bounds [0x000002296ee30000, 0x000002296f0a0000, 0x0000022976360000]
CodeHeap 'profiled nmethods': size=120000Kb used=224Kb max_used=224Kb free=119775Kb
 bounds [0x0000022967360000, 0x00000229675d0000, 0x000002296e890000]
CodeHeap 'non-nmethods': size=5760Kb used=1280Kb max_used=1295Kb free=4479Kb
 bounds [0x000002296e890000, 0x000002296eb00000, 0x000002296ee30000]
 total_blobs=610 nmethods=215 adapters=300
 compilation: enabled
              stopped_count=0, restarted_count=0
 full_count=0

Compilation events (20 events):
Event: 0.176 Thread 0x000002297afd8210  184       3       java.util.zip.ZipUtils::CENLEN (9 bytes)
Event: 0.176 Thread 0x000002297afd8210 nmethod 184 0x0000022967391710 code [0x00000229673918c0, 0x0000022967391b98]
Event: 0.176 Thread 0x000002297afd8210  187       3       java.util.zip.ZipUtils::CENOFF (9 bytes)
Event: 0.177 Thread 0x000002297afd8210 nmethod 187 0x0000022967391d10 code [0x0000022967391ec0, 0x0000022967392198]
Event: 0.177 Thread 0x000002297afc8b40 nmethod 189 0x000002296ee3f990 code [0x000002296ee3fb20, 0x000002296ee3fcf0]
Event: 0.177 Thread 0x000002297afd8210  190       3       java.lang.AbstractStringBuilder::append (77 bytes)
Event: 0.177 Thread 0x000002297afd8210 nmethod 190 0x0000022967392310 code [0x0000022967392520, 0x0000022967392bc8]
Event: 0.177 Thread 0x000002297afd8210  191       3       sun.nio.fs.WindowsPathParser::isSlash (18 bytes)
Event: 0.177 Thread 0x000002297afd8210 nmethod 191 0x0000022967392e90 code [0x0000022967393020, 0x0000022967393190]
Event: 0.178 Thread 0x000002297afd8210  192       3       java.lang.CharacterDataLatin1::toLowerCase (44 bytes)
Event: 0.178 Thread 0x000002297afd8210 nmethod 192 0x0000022967393210 code [0x00000229673933c0, 0x0000022967393628]
Event: 0.179 Thread 0x000002297afc8b40  193       4       java.lang.String::charAt (25 bytes)
Event: 0.179 Thread 0x000002297afd8210  194       3       sun.nio.fs.WindowsPathParser::isInvalidPathChar (22 bytes)
Event: 0.179 Thread 0x000002297afd8210 nmethod 194 0x0000022967393690 code [0x0000022967393840, 0x0000022967393a58]
Event: 0.180 Thread 0x000002297afc8b40 nmethod 193 0x000002296ee3fe10 code [0x000002296ee3ffa0, 0x000002296ee400c8]
Event: 0.183 Thread 0x000002297afc8b40  195       4       jdk.internal.util.ArraysSupport::vectorizedHashCode (158 bytes)
Event: 0.188 Thread 0x000002297afc8b40 nmethod 195 0x000002296ee40210 code [0x000002296ee403a0, 0x000002296ee405e0]
Event: 0.189 Thread 0x000002297afc8b40  197       4       java.util.zip.ZipFile$Source::zipCoderForPos (39 bytes)
Event: 0.189 Thread 0x000002297afc8b40 nmethod 197 0x000002296ee40710 code [0x000002296ee408a0, 0x000002296ee40970]
Event: 0.189 Thread 0x000002297afc8b40  196   !   4       java.util.zip.ZipFile$Source::checkAndAddEntry (354 bytes)

GC Heap History (0 events):
No events

Dll operation events (7 events):
Event: 0.015 Loaded shared library C:\Users\Azamat\.jdks\openjdk-22.0.1\bin\java.dll
Event: 0.062 Loaded shared library C:\Users\Azamat\.jdks\openjdk-22.0.1\bin\jsvml.dll
Event: 0.152 Loaded shared library C:\Users\Azamat\.jdks\openjdk-22.0.1\bin\zip.dll
Event: 0.157 Loaded shared library C:\Users\Azamat\.jdks\openjdk-22.0.1\bin\instrument.dll
Event: 0.164 Loaded shared library C:\Users\Azamat\.jdks\openjdk-22.0.1\bin\net.dll
Event: 0.167 Loaded shared library C:\Users\Azamat\.jdks\openjdk-22.0.1\bin\nio.dll
Event: 0.176 Loaded shared library C:\Users\Azamat\.jdks\openjdk-22.0.1\bin\zip.dll

Deoptimization events (0 events):
No events

Classes loaded (18 events):
Event: 0.053 Loading class sun/nio/cs/MS1251
Event: 0.053 Loading class sun/nio/cs/MS1251 done
Event: 0.053 Loading class sun/nio/cs/MS1251$Holder
Event: 0.054 Loading class sun/nio/cs/MS1251$Holder done
Event: 0.057 Loading class sun/nio/cs/UTF_8$Encoder
Event: 0.057 Loading class sun/nio/cs/UTF_8$Encoder done
Event: 0.134 Loading class jdk/internal/module/ModuleReferenceImpl$CachedHash
Event: 0.135 Loading class jdk/internal/module/ModuleReferenceImpl$CachedHash done
Event: 0.154 Loading class sun/instrument/InstrumentationImpl
Event: 0.154 Loading class java/lang/instrument/Instrumentation
Event: 0.154 Loading class java/lang/instrument/Instrumentation done
Event: 0.154 Loading class sun/instrument/InstrumentationImpl done
Event: 0.157 Loading class sun/instrument/TransformerManager
Event: 0.157 Loading class sun/instrument/TransformerManager done
Event: 0.157 Loading class sun/instrument/TransformerManager$TransformerInfo
Event: 0.157 Loading class sun/instrument/TransformerManager$TransformerInfo done
Event: 0.158 Loading class jdk/internal/loader/URLClassPath$FileLoader
Event: 0.158 Loading class jdk/internal/loader/URLClassPath$FileLoader done

Classes unloaded (0 events):
No events

Classes redefined (0 events):
No events

Internal exceptions (0 events):
No events

ZGC Phase Switch (0 events):
No events

VM Operations (2 events):
Event: 0.134 Executing VM operation: HandshakeAllThreads (Deoptimize)
Event: 0.134 Executing VM operation: HandshakeAllThreads (Deoptimize) done

Events (10 events):
Event: 0.035 Thread 0x000002295cd43eb0 Thread added: 0x000002295cd43eb0
Event: 0.058 Thread 0x000002297afbc680 Thread added: 0x000002297afbc680
Event: 0.059 Thread 0x000002297afbd5a0 Thread added: 0x000002297afbd5a0
Event: 0.059 Thread 0x000002297afc06d0 Thread added: 0x000002297afc06d0
Event: 0.059 Thread 0x000002297afc3640 Thread added: 0x000002297afc3640
Event: 0.059 Thread 0x000002297afc4400 Thread added: 0x000002297afc4400
Event: 0.059 Thread 0x000002297afc7610 Thread added: 0x000002297afc7610
Event: 0.059 Thread 0x000002297afc8b40 Thread added: 0x000002297afc8b40
Event: 0.060 Thread 0x000002297afd8210 Thread added: 0x000002297afd8210
Event: 0.124 Thread 0x000002297af83930 Thread added: 0x000002297af83930


Dynamic libraries:
0x00007ff7b04c0000 - 0x00007ff7b04ce000 	C:\Users\Azamat\.jdks\openjdk-22.0.1\bin\java.exe
0x00007ffc37b50000 - 0x00007ffc37d48000 	C:\WINDOWS\SYSTEM32\ntdll.dll
0x00007ffc36070000 - 0x00007ffc36132000 	C:\WINDOWS\System32\KERNEL32.DLL
0x00007ffc35680000 - 0x00007ffc3597e000 	C:\WINDOWS\System32\KERNELBASE.dll
0x00007ffc35a10000 - 0x00007ffc35b10000 	C:\WINDOWS\System32\ucrtbase.dll
0x00007ffc1df90000 - 0x00007ffc1dfab000 	C:\Users\Azamat\.jdks\openjdk-22.0.1\bin\VCRUNTIME140.dll
0x00007ffc1f210000 - 0x00007ffc1f227000 	C:\Users\Azamat\.jdks\openjdk-22.0.1\bin\jli.dll
0x00007ffc37810000 - 0x00007ffc379ad000 	C:\WINDOWS\System32\USER32.dll
0x00007ffc35650000 - 0x00007ffc35672000 	C:\WINDOWS\System32\win32u.dll
0x00007ffc33e70000 - 0x00007ffc3410a000 	C:\WINDOWS\WinSxS\amd64_microsoft.windows.common-controls_6595b64144ccf1df_6.0.19041.4355_none_60b8b9eb71f62e16\COMCTL32.dll
0x00007ffc365e0000 - 0x00007ffc3660b000 	C:\WINDOWS\System32\GDI32.dll
0x00007ffc36800000 - 0x00007ffc3689e000 	C:\WINDOWS\System32\msvcrt.dll
0x00007ffc35310000 - 0x00007ffc35427000 	C:\WINDOWS\System32\gdi32full.dll
0x00007ffc35270000 - 0x00007ffc3530d000 	C:\WINDOWS\System32\msvcp_win.dll
0x00007ffc37140000 - 0x00007ffc3716f000 	C:\WINDOWS\System32\IMM32.DLL
0x00007ffc2f130000 - 0x00007ffc2f13c000 	C:\Users\Azamat\.jdks\openjdk-22.0.1\bin\vcruntime140_1.dll
0x00007ffc04a50000 - 0x00007ffc04ade000 	C:\Users\Azamat\.jdks\openjdk-22.0.1\bin\msvcp140.dll
0x00007ffbd6e80000 - 0x00007ffbd7bc7000 	C:\Users\Azamat\.jdks\openjdk-22.0.1\bin\server\jvm.dll
0x00007ffc37080000 - 0x00007ffc37131000 	C:\WINDOWS\System32\ADVAPI32.dll
0x00007ffc375f0000 - 0x00007ffc3768f000 	C:\WINDOWS\System32\sechost.dll
0x00007ffc36610000 - 0x00007ffc36733000 	C:\WINDOWS\System32\RPCRT4.dll
0x00007ffc35b10000 - 0x00007ffc35b37000 	C:\WINDOWS\System32\bcrypt.dll
0x00007ffc368a0000 - 0x00007ffc3690b000 	C:\WINDOWS\System32\WS2_32.dll
0x00007ffc34700000 - 0x00007ffc3474b000 	C:\WINDOWS\SYSTEM32\POWRPROF.dll
0x00007ffc33630000 - 0x00007ffc33657000 	C:\WINDOWS\SYSTEM32\WINMM.dll
0x00007ffc29ca0000 - 0x00007ffc29caa000 	C:\WINDOWS\SYSTEM32\VERSION.dll
0x00007ffc345c0000 - 0x00007ffc345d2000 	C:\WINDOWS\SYSTEM32\UMPDC.dll
0x00007ffc32f60000 - 0x00007ffc32f72000 	C:\WINDOWS\SYSTEM32\kernel.appcore.dll
0x00007ffc28a70000 - 0x00007ffc28a7a000 	C:\Users\Azamat\.jdks\openjdk-22.0.1\bin\jimage.dll
0x00007ffc2fc20000 - 0x00007ffc2fe04000 	C:\WINDOWS\SYSTEM32\DBGHELP.DLL
0x00007ffc1bf10000 - 0x00007ffc1bf44000 	C:\WINDOWS\SYSTEM32\dbgcore.DLL
0x00007ffc35980000 - 0x00007ffc35a02000 	C:\WINDOWS\System32\bcryptPrimitives.dll
0x00007ffc27c00000 - 0x00007ffc27c0f000 	C:\Users\Azamat\.jdks\openjdk-22.0.1\bin\instrument.dll
0x00007ffc1de70000 - 0x00007ffc1de8e000 	C:\Users\Azamat\.jdks\openjdk-22.0.1\bin\java.dll
0x00007ffc36910000 - 0x00007ffc3707d000 	C:\WINDOWS\System32\SHELL32.dll
0x00007ffc379b0000 - 0x00007ffc37adb000 	C:\WINDOWS\System32\ole32.dll
0x00007ffc35d10000 - 0x00007ffc36063000 	C:\WINDOWS\System32\combase.dll
0x00007ffc336c0000 - 0x00007ffc33e64000 	C:\WINDOWS\SYSTEM32\windows.storage.dll
0x00007ffc34bf0000 - 0x00007ffc34c1e000 	C:\WINDOWS\SYSTEM32\Wldp.dll
0x00007ffc36310000 - 0x00007ffc363dd000 	C:\WINDOWS\System32\OLEAUT32.dll
0x00007ffc36260000 - 0x00007ffc3630d000 	C:\WINDOWS\System32\SHCORE.dll
0x00007ffc36740000 - 0x00007ffc36795000 	C:\WINDOWS\System32\shlwapi.dll
0x00007ffc350f0000 - 0x00007ffc35114000 	C:\WINDOWS\SYSTEM32\profapi.dll
0x00007ffc01d20000 - 0x00007ffc01df7000 	C:\Users\Azamat\.jdks\openjdk-22.0.1\bin\jsvml.dll
0x00007ffc1de30000 - 0x00007ffc1de47000 	C:\Users\Azamat\.jdks\openjdk-22.0.1\bin\zip.dll
0x00007ffc1f310000 - 0x00007ffc1f320000 	C:\Users\Azamat\.jdks\openjdk-22.0.1\bin\net.dll
0x00007ffc34950000 - 0x00007ffc349ba000 	C:\WINDOWS\system32\mswsock.dll
0x00007ffc1ddf0000 - 0x00007ffc1de06000 	C:\Users\Azamat\.jdks\openjdk-22.0.1\bin\nio.dll

dbghelp: loaded successfully - version: 4.0.5 - missing functions: none
symbol engine: initialized successfully - sym options: 0x614 - pdb path: .;C:\Users\Azamat\.jdks\openjdk-22.0.1\bin;C:\WINDOWS\SYSTEM32;C:\WINDOWS\WinSxS\amd64_microsoft.windows.common-controls_6595b64144ccf1df_6.0.19041.4355_none_60b8b9eb71f62e16;C:\Users\Azamat\.jdks\openjdk-22.0.1\bin\server

VM Arguments:
jvm_args: -javaagent:C:\Program Files\JetBrains\IntelliJ IDEA 2023.3.6\lib\idea_rt.jar=55856:C:\Program Files\JetBrains\IntelliJ IDEA 2023.3.6\bin -Dfile.encoding=UTF-8 -Dsun.stdout.encoding=UTF-8 -Dsun.stderr.encoding=UTF-8 
java_command: jm.task.core.jdbc.Main
java_class_path (initial): C:\Users\Azamat\IdeaProjects\PP_1.1.3\target\classes;C:\Users\Azamat\.m2\repository\mysql\mysql-connector-java\8.0.25\mysql-connector-java-8.0.25.jar;C:\Users\Azamat\.m2\repository\com\google\protobuf\protobuf-java\3.11.4\protobuf-java-3.11.4.jar;C:\Users\Azamat\.m2\repository\org\hibernate\javax\persistence\hibernate-jpa-2.1-api\1.0.2.Final\hibernate-jpa-2.1-api-1.0.2.Final.jar;C:\Users\Azamat\.m2\repository\org\hibernate\hibernate-core\5.6.3.Final\hibernate-core-5.6.3.Final.jar;C:\Users\Azamat\.m2\repository\org\jboss\logging\jboss-logging\3.4.2.Final\jboss-logging-3.4.2.Final.jar;C:\Users\Azamat\.m2\repository\javax\persistence\javax.persistence-api\2.2\javax.persistence-api-2.2.jar;C:\Users\Azamat\.m2\repository\net\bytebuddy\byte-buddy\1.11.20\byte-buddy-1.11.20.jar;C:\Users\Azamat\.m2\repository\antlr\antlr\2.7.7\antlr-2.7.7.jar;C:\Users\Azamat\.m2\repository\org\jboss\spec\javax\transaction\jboss-transaction-api_1.2_spec\1.1.1.Final\jboss-transaction-api_1.2_spec-1.1.1.Final.jar;C:\Users\Azamat\.m2\repository\org\jboss\jandex\2.2.3.Final\jandex-2.2.3.Final.jar;C:\Users\Azamat\.m2\repository\com\fasterxml\classmate\1.5.1\classmate-1.5.1.jar;C:\Users\Azamat\.m2\repository\javax\activation\javax.activation-api\1.2.0\javax.activation-api-1.2.0.jar;C:\Users\Azamat\.m2\repository\org\hibernate\common\hibernate-commons-annotations\5.1.2.Final\hibernate-commons-annotations-5.1.2.Final.jar;C:\Users\Azamat\.m2\repository\javax\xml\bind\jaxb-api\2.3.1\jaxb-api-2.3.1.jar;C:\Users\Azamat\.m2\repository\org\glassfish\jaxb\jaxb-runtime\2.3.1\jaxb-runtime-2.3.1.jar;C:\Users\Azamat\.m2\repository\org\glassfish\jaxb\txw2\2.3.1\txw2-2.3.1.jar;C:\Users\Azamat\.m2\repository\com\sun\istack\istack-commons-runtime\3.0.7\istack-commons-runtime-3.0.7.jar;C:\Users\Azamat\.m2\repository\org\jvnet\staxex\stax-ex\1.8\stax-ex-1.8.jar;C:\Users\Azamat\.m2\repository\com\sun\xml\fastinfoset\FastInfoset\1.2.15\FastInfoset-1.2.15.jar
Launcher Type: SUN_STANDARD

[Global flags]
     intx CICompilerCount                          = 3                                         {product} {ergonomic}
     uint ConcGCThreads                            = 1                                         {product} {ergonomic}
     uint G1ConcRefinementThreads                  = 4                                         {product} {ergonomic}
   size_t G1HeapRegionSize                         = 1048576                                   {product} {ergonomic}
   size_t InitialHeapSize                          = 134217728                                 {product} {ergonomic}
   size_t MarkStackSize                            = 4194304                                   {product} {ergonomic}
   size_t MaxHeapSize                              = 2116026368                                {product} {ergonomic}
   size_t MaxNewSize                               = 1268776960                                {product} {ergonomic}
   size_t MinHeapDeltaBytes                        = 1048576                                   {product} {ergonomic}
   size_t MinHeapSize                              = 8388608                                   {product} {ergonomic}
    uintx NonNMethodCodeHeapSize                   = 5832780                                {pd product} {ergonomic}
    uintx NonProfiledCodeHeapSize                  = 122912730                              {pd product} {ergonomic}
    uintx ProfiledCodeHeapSize                     = 122912730                              {pd product} {ergonomic}
    uintx ReservedCodeCacheSize                    = 251658240                              {pd product} {ergonomic}
     bool SegmentedCodeCache                       = true                                      {product} {ergonomic}
   size_t SoftMaxHeapSize                          = 2116026368                             {manageable} {ergonomic}
     bool UseCompressedOops                        = true                           {product lp64_product} {ergonomic}
     bool UseG1GC                                  = true                                      {product} {ergonomic}
     bool UseLargePagesIndividualAllocation        = false                                  {pd product} {ergonomic}

Logging:
Log output configuration:
 #0: stdout all=warning uptime,level,tags foldmultilines=false
 #1: stderr all=off uptime,level,tags foldmultilines=false

Environment Variables:
JAVA_HOME=C:\Java\JDK-17
PATH=C:\WINDOWS\system32;C:\WINDOWS;C:\WINDOWS\System32\Wbem;C:\WINDOWS\System32\WindowsPowerShell\v1.0\;C:\WINDOWS\System32\OpenSSH\;C:\Program Files\wget;C:\Program Files (x86)\Windows Live\Shared;C:\Program Files\wget;C:\Program Files (x86)\dotnet\;C:\Java\JDK-17\bin;C:\Program Files\apache-maven-3.9.6\bin;C:\Program Files\Git\cmd;C:\Program Files\MySQL\MySQL Shell 8.0\bin\;C:\Users\Azamat\AppData\Local\Microsoft\WindowsApps;C:\Users\Azamat\AppData\Local\GitHubDesktop\bin;C:\Program Files\JetBrains\IntelliJ IDEA Community Edition 2023.3.2\bin;;C:\Program Files\Git;C:\Program Files\apache-maven-3.9.6\bin;;C:\Program Files\JetBrains\IntelliJ IDEA 2023.3.6\bin;
USERNAME=Azamat
OS=Windows_NT
PROCESSOR_IDENTIFIER=Intel64 Family 6 Model 142 Stepping 9, GenuineIntel
TMP=C:\Users\Azamat\AppData\Local\Temp
TEMP=C:\Users\Azamat\AppData\Local\Temp




Periodic native trim disabled

---------------  S Y S T E M  ---------------

OS:
 Windows 10 , 64 bit Build 19041 (10.0.19041.5072)
OS uptime: 1 days 23:41 hours

CPU: total 4 (initial active 4) (2 cores per cpu, 2 threads per core) family 6 model 142 stepping 9 microcode 0xb4, cx8, cmov, fxsr, ht, mmx, 3dnowpref, sse, sse2, sse3, ssse3, sse4.1, sse4.2, popcnt, lzcnt, tsc, tscinvbit, avx, avx2, aes, erms, clmul, bmi1, bmi2, adx, fma, vzeroupper, clflush, clflushopt, rdtscp, f16c
Processor Information for all 4 processors :
  Max Mhz: 2712, Current Mhz: 2511, Mhz Limit: 2495

Memory: 4k page, system-wide physical 8067M (1220M free)
TotalPageFile size 10067M (AvailPageFile size 206M)
current process WorkingSet (physical memory assigned to process): 39M, peak: 39M
current process commit charge ("private bytes"): 202M, peak: 202M

vm_info: OpenJDK 64-Bit Server VM (22.0.1+8-16) for windows-amd64 JRE (22.0.1+8-16), built on 2024-03-12T10:33:16Z by "mach5one" with MS VC++ 17.6 (VS2022)

END.
